2024-10-28 11:27:23,302 [INFO] [31m[1mWARNING: This is a development server. Do not use it in a production deployment. Use a production WSGI server instead.[0m
 * Running on all addresses (0.0.0.0)
 * Running on http://127.0.0.1:81
 * Running on http://192.168.10.243:81
2024-10-28 11:27:23,302 [INFO] [33mPress CTRL+C to quit[0m
2024-10-28 11:27:29,664 [INFO] 20241028112729.jpg 캡쳐 완료
2024-10-28 11:27:29,792 [INFO] 20241028112729.jpg 캡쳐 완료
2024-10-28 11:27:29,917 [INFO] 20241028112729.jpg 캡쳐 완료
2024-10-28 11:27:30,042 [INFO] 20241028112730.jpg 캡쳐 완료
2024-10-28 11:27:30,167 [INFO] 20241028112730.jpg 캡쳐 완료
2024-10-28 11:27:30,292 [INFO] 20241028112730.jpg 캡쳐 완료
2024-10-28 11:27:30,418 [INFO] 20241028112730.jpg 캡쳐 완료
2024-10-28 11:27:30,546 [INFO] 20241028112730.jpg 캡쳐 완료
2024-10-28 11:27:30,671 [INFO] 20241028112730.jpg 캡쳐 완료
2024-10-28 11:27:30,795 [INFO] 20241028112730.jpg 캡쳐 완료
2024-10-28 11:27:30,919 [INFO] 20241028112730.jpg 캡쳐 완료
2024-10-28 11:27:31,045 [INFO] 20241028112731.jpg 캡쳐 완료
2024-10-28 11:27:31,170 [INFO] 20241028112731.jpg 캡쳐 완료
2024-10-28 11:27:31,296 [INFO] 20241028112731.jpg 캡쳐 완료
2024-10-28 11:27:31,420 [INFO] 20241028112731.jpg 캡쳐 완료
2024-10-28 11:27:31,548 [INFO] 20241028112731.jpg 캡쳐 완료
2024-10-28 11:27:31,674 [INFO] 20241028112731.jpg 캡쳐 완료
2024-10-28 11:27:31,800 [INFO] 20241028112731.jpg 캡쳐 완료
2024-10-28 11:27:31,925 [INFO] 20241028112731.jpg 캡쳐 완료
2024-10-28 11:27:32,052 [INFO] 20241028112732.jpg 캡쳐 완료
2024-10-28 11:27:32,176 [INFO] 20241028112732.jpg 캡쳐 완료
2024-10-28 11:27:32,302 [INFO] 20241028112732.jpg 캡쳐 완료
2024-10-28 11:27:32,428 [INFO] 20241028112732.jpg 캡쳐 완료
2024-10-28 11:27:32,552 [INFO] 20241028112732.jpg 캡쳐 완료
2024-10-28 11:27:32,676 [INFO] 20241028112732.jpg 캡쳐 완료
2024-10-28 11:27:32,799 [INFO] 20241028112732.jpg 캡쳐 완료
2024-10-28 11:27:32,926 [INFO] 20241028112732.jpg 캡쳐 완료
2024-10-28 11:27:33,052 [INFO] 20241028112733.jpg 캡쳐 완료
2024-10-28 11:27:33,184 [INFO] 20241028112733.jpg 캡쳐 완료
2024-10-28 11:27:33,310 [INFO] 20241028112733.jpg 캡쳐 완료
2024-10-28 11:27:33,437 [INFO] 20241028112733.jpg 캡쳐 완료
2024-10-28 11:27:33,562 [INFO] 20241028112733.jpg 캡쳐 완료
2024-10-28 11:27:33,686 [INFO] 20241028112733.jpg 캡쳐 완료
2024-10-28 11:27:33,811 [INFO] 20241028112733.jpg 캡쳐 완료
2024-10-28 11:27:33,939 [INFO] 20241028112733.jpg 캡쳐 완료
2024-10-28 11:27:34,064 [INFO] 20241028112734.jpg 캡쳐 완료
2024-10-28 11:27:34,189 [INFO] 20241028112734.jpg 캡쳐 완료
2024-10-28 11:27:34,315 [INFO] 20241028112734.jpg 캡쳐 완료
2024-10-28 11:27:34,440 [INFO] 20241028112734.jpg 캡쳐 완료
2024-10-28 11:27:34,562 [INFO] 20241028112734.jpg 캡쳐 완료
2024-10-28 11:27:34,689 [INFO] 20241028112734.jpg 캡쳐 완료
2024-10-28 11:27:34,814 [INFO] 20241028112734.jpg 캡쳐 완료
2024-10-28 11:27:34,938 [INFO] 20241028112734.jpg 캡쳐 완료
2024-10-28 11:27:35,061 [INFO] 20241028112735.jpg 캡쳐 완료
2024-10-28 11:27:35,186 [INFO] 20241028112735.jpg 캡쳐 완료
2024-10-28 11:27:35,312 [INFO] 20241028112735.jpg 캡쳐 완료
2024-10-28 11:27:35,436 [INFO] 20241028112735.jpg 캡쳐 완료
2024-10-28 11:27:35,559 [INFO] 20241028112735.jpg 캡쳐 완료
2024-10-28 11:27:35,683 [INFO] 20241028112735.jpg 캡쳐 완료
2024-10-28 11:27:35,808 [INFO] 20241028112735.jpg 캡쳐 완료
2024-10-28 11:27:35,934 [INFO] 20241028112735.jpg 캡쳐 완료
2024-10-28 11:27:36,059 [INFO] 20241028112736.jpg 캡쳐 완료
2024-10-28 11:27:36,186 [INFO] 20241028112736.jpg 캡쳐 완료
2024-10-28 11:27:36,311 [INFO] 20241028112736.jpg 캡쳐 완료
2024-10-28 11:27:36,435 [INFO] 20241028112736.jpg 캡쳐 완료
2024-10-28 11:27:36,559 [INFO] 20241028112736.jpg 캡쳐 완료
2024-10-28 11:27:36,684 [INFO] 20241028112736.jpg 캡쳐 완료
2024-10-28 11:27:36,809 [INFO] 20241028112736.jpg 캡쳐 완료
2024-10-28 11:27:36,934 [INFO] 20241028112736.jpg 캡쳐 완료
2024-10-28 11:27:37,059 [INFO] 20241028112737.jpg 캡쳐 완료
2024-10-28 11:27:37,183 [INFO] 20241028112737.jpg 캡쳐 완료
2024-10-28 11:27:37,310 [INFO] 20241028112737.jpg 캡쳐 완료
2024-10-28 11:27:37,435 [INFO] 20241028112737.jpg 캡쳐 완료
2024-10-28 11:27:37,561 [INFO] 20241028112737.jpg 캡쳐 완료
2024-10-28 11:27:37,686 [INFO] 20241028112737.jpg 캡쳐 완료
2024-10-28 11:27:37,810 [INFO] 20241028112737.jpg 캡쳐 완료
2024-10-28 11:27:37,935 [INFO] 20241028112737.jpg 캡쳐 완료
2024-10-28 11:27:38,059 [INFO] 20241028112738.jpg 캡쳐 완료
2024-10-28 11:27:38,185 [INFO] 20241028112738.jpg 캡쳐 완료
2024-10-28 11:27:38,309 [INFO] 20241028112738.jpg 캡쳐 완료
2024-10-28 11:27:38,437 [INFO] 20241028112738.jpg 캡쳐 완료
2024-10-28 11:27:38,563 [INFO] 20241028112738.jpg 캡쳐 완료
2024-10-28 11:27:38,687 [INFO] 20241028112738.jpg 캡쳐 완료
2024-10-28 11:27:38,811 [INFO] 20241028112738.jpg 캡쳐 완료
2024-10-28 11:27:38,937 [INFO] 20241028112738.jpg 캡쳐 완료
2024-10-28 11:27:39,062 [INFO] 20241028112739.jpg 캡쳐 완료
2024-10-28 11:27:39,190 [INFO] 20241028112739.jpg 캡쳐 완료
2024-10-28 11:27:39,316 [INFO] 20241028112739.jpg 캡쳐 완료
2024-10-28 11:27:39,441 [INFO] 20241028112739.jpg 캡쳐 완료
2024-10-28 11:27:39,565 [INFO] 20241028112739.jpg 캡쳐 완료
2024-10-28 11:27:39,690 [INFO] 20241028112739.jpg 캡쳐 완료
2024-10-28 11:27:39,815 [INFO] 20241028112739.jpg 캡쳐 완료
2024-10-28 11:27:39,941 [INFO] 20241028112739.jpg 캡쳐 완료
2024-10-28 11:27:40,067 [INFO] 20241028112740.jpg 캡쳐 완료
2024-10-28 11:27:40,192 [INFO] 20241028112740.jpg 캡쳐 완료
2024-10-28 11:27:40,316 [INFO] 20241028112740.jpg 캡쳐 완료
2024-10-28 11:27:40,442 [INFO] 20241028112740.jpg 캡쳐 완료
2024-10-28 11:27:40,566 [INFO] 20241028112740.jpg 캡쳐 완료
2024-10-28 11:27:40,690 [INFO] 20241028112740.jpg 캡쳐 완료
2024-10-28 11:27:40,817 [INFO] 20241028112740.jpg 캡쳐 완료
2024-10-28 11:27:40,945 [INFO] 20241028112740.jpg 캡쳐 완료
2024-10-28 11:27:41,067 [INFO] 20241028112741.jpg 캡쳐 완료
2024-10-28 11:27:41,191 [INFO] 20241028112741.jpg 캡쳐 완료
2024-10-28 11:27:41,315 [INFO] 20241028112741.jpg 캡쳐 완료
2024-10-28 11:27:41,444 [INFO] 20241028112741.jpg 캡쳐 완료
2024-10-28 11:27:41,571 [INFO] 20241028112741.jpg 캡쳐 완료
2024-10-28 11:27:41,696 [INFO] 20241028112741.jpg 캡쳐 완료
2024-10-28 11:27:41,820 [INFO] 20241028112741.jpg 캡쳐 완료
2024-10-28 11:27:41,945 [INFO] 20241028112741.jpg 캡쳐 완료
2024-10-28 11:27:42,069 [INFO] 20241028112742.jpg 캡쳐 완료
2024-10-28 11:27:42,193 [INFO] 20241028112742.jpg 캡쳐 완료
2024-10-28 11:27:42,317 [INFO] 20241028112742.jpg 캡쳐 완료
2024-10-28 11:27:42,440 [INFO] 20241028112742.jpg 캡쳐 완료
2024-10-28 11:27:42,564 [INFO] 20241028112742.jpg 캡쳐 완료
2024-10-28 11:27:42,686 [INFO] 20241028112742.jpg 캡쳐 완료
2024-10-28 11:27:42,813 [INFO] 20241028112742.jpg 캡쳐 완료
2024-10-28 11:27:42,938 [INFO] 20241028112742.jpg 캡쳐 완료
2024-10-28 11:27:43,064 [INFO] 20241028112743.jpg 캡쳐 완료
2024-10-28 11:27:43,194 [INFO] 20241028112743.jpg 캡쳐 완료
2024-10-28 11:27:43,321 [INFO] 20241028112743.jpg 캡쳐 완료
2024-10-28 11:27:43,444 [INFO] 20241028112743.jpg 캡쳐 완료
2024-10-28 11:27:43,568 [INFO] 20241028112743.jpg 캡쳐 완료
2024-10-28 11:27:43,694 [INFO] 20241028112743.jpg 캡쳐 완료
2024-10-28 11:27:43,816 [INFO] 20241028112743.jpg 캡쳐 완료
2024-10-28 11:27:43,941 [INFO] 20241028112743.jpg 캡쳐 완료
2024-10-28 11:27:44,068 [INFO] 20241028112744.jpg 캡쳐 완료
2024-10-28 11:27:44,195 [INFO] 20241028112744.jpg 캡쳐 완료
2024-10-28 11:27:44,319 [INFO] 20241028112744.jpg 캡쳐 완료
2024-10-28 11:27:44,444 [INFO] 20241028112744.jpg 캡쳐 완료
2024-10-28 11:27:44,569 [INFO] 20241028112744.jpg 캡쳐 완료
2024-10-28 11:27:44,693 [INFO] 20241028112744.jpg 캡쳐 완료
2024-10-28 11:27:44,818 [INFO] 20241028112744.jpg 캡쳐 완료
2024-10-28 11:27:44,946 [INFO] 20241028112744.jpg 캡쳐 완료
2024-10-28 11:27:45,072 [INFO] 20241028112745.jpg 캡쳐 완료
2024-10-28 11:27:45,199 [INFO] 20241028112745.jpg 캡쳐 완료
2024-10-28 11:27:45,322 [INFO] 20241028112745.jpg 캡쳐 완료
2024-10-28 11:27:45,446 [INFO] 20241028112745.jpg 캡쳐 완료
2024-10-28 11:27:45,571 [INFO] 20241028112745.jpg 캡쳐 완료
2024-10-28 11:27:45,696 [INFO] 20241028112745.jpg 캡쳐 완료
2024-10-28 11:27:45,823 [INFO] 20241028112745.jpg 캡쳐 완료
2024-10-28 11:27:45,963 [INFO] 20241028112745.jpg 캡쳐 완료
2024-10-28 11:27:46,090 [INFO] 20241028112746.jpg 캡쳐 완료
2024-10-28 11:27:46,214 [INFO] 20241028112746.jpg 캡쳐 완료
2024-10-28 11:27:46,340 [INFO] 20241028112746.jpg 캡쳐 완료
2024-10-28 11:27:46,464 [INFO] 20241028112746.jpg 캡쳐 완료
2024-10-28 11:27:46,589 [INFO] 20241028112746.jpg 캡쳐 완료
2024-10-28 11:27:46,712 [INFO] 20241028112746.jpg 캡쳐 완료
2024-10-28 11:27:46,838 [INFO] 20241028112746.jpg 캡쳐 완료
2024-10-28 11:27:46,961 [INFO] 20241028112746.jpg 캡쳐 완료
2024-10-28 11:27:47,088 [INFO] 20241028112747.jpg 캡쳐 완료
2024-10-28 11:27:47,212 [INFO] 20241028112747.jpg 캡쳐 완료
2024-10-28 11:27:47,338 [INFO] 20241028112747.jpg 캡쳐 완료
2024-10-28 11:27:47,463 [INFO] 20241028112747.jpg 캡쳐 완료
2024-10-28 11:27:47,586 [INFO] 20241028112747.jpg 캡쳐 완료
2024-10-28 11:27:47,709 [INFO] 20241028112747.jpg 캡쳐 완료
2024-10-28 11:27:47,832 [INFO] 20241028112747.jpg 캡쳐 완료
2024-10-28 11:27:47,959 [INFO] 20241028112747.jpg 캡쳐 완료
2024-10-28 11:27:48,084 [INFO] 20241028112748.jpg 캡쳐 완료
2024-10-28 11:27:48,209 [INFO] 20241028112748.jpg 캡쳐 완료
2024-10-28 11:27:48,334 [INFO] 20241028112748.jpg 캡쳐 완료
2024-10-28 11:27:48,458 [INFO] 20241028112748.jpg 캡쳐 완료
2024-10-28 11:27:48,582 [INFO] 20241028112748.jpg 캡쳐 완료
2024-10-28 11:27:48,708 [INFO] 20241028112748.jpg 캡쳐 완료
2024-10-28 11:27:48,834 [INFO] 20241028112748.jpg 캡쳐 완료
2024-10-28 11:27:48,958 [INFO] 20241028112748.jpg 캡쳐 완료
2024-10-28 11:27:49,083 [INFO] 20241028112749.jpg 캡쳐 완료
2024-10-28 11:27:49,210 [INFO] 20241028112749.jpg 캡쳐 완료
2024-10-28 11:27:49,335 [INFO] 20241028112749.jpg 캡쳐 완료
2024-10-28 11:27:49,458 [INFO] 20241028112749.jpg 캡쳐 완료
2024-10-28 11:27:49,582 [INFO] 20241028112749.jpg 캡쳐 완료
2024-10-28 11:27:49,706 [INFO] 20241028112749.jpg 캡쳐 완료
2024-10-28 11:27:49,831 [INFO] 20241028112749.jpg 캡쳐 완료
2024-10-28 11:27:49,961 [INFO] 20241028112749.jpg 캡쳐 완료
2024-10-28 11:27:50,085 [INFO] 20241028112750.jpg 캡쳐 완료
2024-10-28 11:27:50,210 [INFO] 20241028112750.jpg 캡쳐 완료
2024-10-28 11:27:50,335 [INFO] 20241028112750.jpg 캡쳐 완료
2024-10-28 11:27:50,463 [INFO] 20241028112750.jpg 캡쳐 완료
2024-10-28 11:27:50,587 [INFO] 20241028112750.jpg 캡쳐 완료
2024-10-28 11:27:50,713 [INFO] 20241028112750.jpg 캡쳐 완료
2024-10-28 11:27:50,838 [INFO] 20241028112750.jpg 캡쳐 완료
2024-10-28 11:27:50,964 [INFO] 20241028112750.jpg 캡쳐 완료
2024-10-28 11:27:51,093 [INFO] 20241028112751.jpg 캡쳐 완료
2024-10-28 11:27:51,221 [INFO] 20241028112751.jpg 캡쳐 완료
2024-10-28 11:27:51,346 [INFO] 20241028112751.jpg 캡쳐 완료
2024-10-28 11:27:51,476 [INFO] 20241028112751.jpg 캡쳐 완료
2024-10-28 11:27:51,598 [INFO] 20241028112751.jpg 캡쳐 완료
2024-10-28 11:27:51,722 [INFO] 20241028112751.jpg 캡쳐 완료
2024-10-28 11:27:51,847 [INFO] 20241028112751.jpg 캡쳐 완료
2024-10-28 11:27:51,972 [INFO] 20241028112751.jpg 캡쳐 완료
2024-10-28 11:27:52,094 [INFO] 20241028112752.jpg 캡쳐 완료
2024-10-28 11:27:52,219 [INFO] 20241028112752.jpg 캡쳐 완료
2024-10-28 11:27:52,345 [INFO] 20241028112752.jpg 캡쳐 완료
2024-10-28 11:27:52,470 [INFO] 20241028112752.jpg 캡쳐 완료
2024-10-28 11:27:52,595 [INFO] 20241028112752.jpg 캡쳐 완료
2024-10-28 11:27:52,719 [INFO] 20241028112752.jpg 캡쳐 완료
2024-10-28 11:27:52,846 [INFO] 20241028112752.jpg 캡쳐 완료
2024-10-28 11:27:52,975 [INFO] 20241028112752.jpg 캡쳐 완료
2024-10-28 11:27:53,100 [INFO] 20241028112753.jpg 캡쳐 완료
2024-10-28 11:27:53,225 [INFO] 20241028112753.jpg 캡쳐 완료
2024-10-28 11:27:53,351 [INFO] 20241028112753.jpg 캡쳐 완료
2024-10-28 11:27:53,474 [INFO] 20241028112753.jpg 캡쳐 완료
2024-10-28 11:27:53,600 [INFO] 20241028112753.jpg 캡쳐 완료
2024-10-28 11:27:53,724 [INFO] 20241028112753.jpg 캡쳐 완료
2024-10-28 11:27:53,853 [INFO] 20241028112753.jpg 캡쳐 완료
2024-10-28 11:27:53,976 [INFO] 20241028112753.jpg 캡쳐 완료
2024-10-28 11:27:54,101 [INFO] 20241028112754.jpg 캡쳐 완료
2024-10-28 11:27:54,227 [INFO] 20241028112754.jpg 캡쳐 완료
2024-10-28 11:27:54,354 [INFO] 20241028112754.jpg 캡쳐 완료
2024-10-28 11:27:54,481 [INFO] 20241028112754.jpg 캡쳐 완료
2024-10-28 11:27:54,605 [INFO] 20241028112754.jpg 캡쳐 완료
2024-10-28 11:27:54,734 [INFO] 20241028112754.jpg 캡쳐 완료
2024-10-28 11:27:54,866 [INFO] 20241028112754.jpg 캡쳐 완료
2024-10-28 11:27:54,994 [INFO] 20241028112754.jpg 캡쳐 완료
2024-10-28 11:27:55,120 [INFO] 20241028112755.jpg 캡쳐 완료
2024-10-28 11:27:55,248 [INFO] 20241028112755.jpg 캡쳐 완료
2024-10-28 11:27:55,373 [INFO] 20241028112755.jpg 캡쳐 완료
2024-10-28 11:27:55,499 [INFO] 20241028112755.jpg 캡쳐 완료
2024-10-28 11:27:55,625 [INFO] 20241028112755.jpg 캡쳐 완료
2024-10-28 11:27:55,749 [INFO] 20241028112755.jpg 캡쳐 완료
2024-10-28 11:27:55,878 [INFO] 20241028112755.jpg 캡쳐 완료
2024-10-28 11:27:56,004 [INFO] 20241028112756.jpg 캡쳐 완료
2024-10-28 11:27:56,127 [INFO] 20241028112756.jpg 캡쳐 완료
2024-10-28 11:27:56,253 [INFO] 20241028112756.jpg 캡쳐 완료
2024-10-28 11:27:56,377 [INFO] 20241028112756.jpg 캡쳐 완료
2024-10-28 11:27:56,500 [INFO] 20241028112756.jpg 캡쳐 완료
2024-10-28 11:27:56,626 [INFO] 20241028112756.jpg 캡쳐 완료
2024-10-28 11:27:56,749 [INFO] 20241028112756.jpg 캡쳐 완료
2024-10-28 11:27:56,872 [INFO] 20241028112756.jpg 캡쳐 완료
2024-10-28 11:27:56,999 [INFO] 20241028112756.jpg 캡쳐 완료
2024-10-28 11:27:57,124 [INFO] 20241028112757.jpg 캡쳐 완료
2024-10-28 11:27:57,248 [INFO] 20241028112757.jpg 캡쳐 완료
2024-10-28 11:27:57,376 [INFO] 20241028112757.jpg 캡쳐 완료
2024-10-28 11:27:57,500 [INFO] 20241028112757.jpg 캡쳐 완료
2024-10-28 11:27:57,625 [INFO] 20241028112757.jpg 캡쳐 완료
2024-10-28 11:27:57,751 [INFO] 20241028112757.jpg 캡쳐 완료
2024-10-28 11:27:57,874 [INFO] 20241028112757.jpg 캡쳐 완료
2024-10-28 11:27:58,001 [INFO] 20241028112757.jpg 캡쳐 완료
2024-10-28 11:27:58,126 [INFO] 20241028112758.jpg 캡쳐 완료
2024-10-28 11:27:58,252 [INFO] 20241028112758.jpg 캡쳐 완료
2024-10-28 11:27:58,377 [INFO] 20241028112758.jpg 캡쳐 완료
2024-10-28 11:27:58,501 [INFO] 20241028112758.jpg 캡쳐 완료
2024-10-28 11:27:58,626 [INFO] 20241028112758.jpg 캡쳐 완료
2024-10-28 11:27:58,754 [INFO] 20241028112758.jpg 캡쳐 완료
2024-10-28 11:27:58,879 [INFO] 20241028112758.jpg 캡쳐 완료
2024-10-28 11:27:59,006 [INFO] 20241028112759.jpg 캡쳐 완료
2024-10-28 11:27:59,135 [INFO] 20241028112759.jpg 캡쳐 완료
2024-10-28 11:27:59,259 [INFO] 20241028112759.jpg 캡쳐 완료
2024-10-28 11:27:59,385 [INFO] 20241028112759.jpg 캡쳐 완료
2024-10-28 11:27:59,402 [INFO] 20241028112759.jpg 얼굴 인식됨
2024-10-28 11:27:59,406 [DEBUG] Starting new HTTP connection (1): 192.168.137.1:80
2024-10-28 11:27:59,409 [DEBUG] http://192.168.137.1:80 "POST / HTTP/11" 405 153
2024-10-28 11:27:59,516 [INFO] 20241028112759.jpg 캡쳐 완료
2024-10-28 11:27:59,638 [INFO] 20241028112759.jpg 캡쳐 완료
2024-10-28 11:27:59,763 [INFO] 20241028112759.jpg 캡쳐 완료
2024-10-28 11:27:59,886 [INFO] 20241028112759.jpg 캡쳐 완료
2024-10-28 11:28:00,015 [INFO] 20241028112800.jpg 캡쳐 완료
2024-10-28 11:28:00,146 [INFO] 20241028112800.jpg 캡쳐 완료
2024-10-28 11:28:00,279 [INFO] 20241028112800.jpg 캡쳐 완료
2024-10-28 11:28:00,407 [INFO] 20241028112800.jpg 캡쳐 완료
2024-10-28 11:28:00,537 [INFO] 20241028112800.jpg 캡쳐 완료
2024-10-28 11:28:00,665 [INFO] 20241028112800.jpg 캡쳐 완료
2024-10-28 11:28:00,791 [INFO] 20241028112800.jpg 캡쳐 완료
2024-10-28 11:28:00,919 [INFO] 20241028112800.jpg 캡쳐 완료
2024-10-28 11:28:01,048 [INFO] 20241028112801.jpg 캡쳐 완료
2024-10-28 11:28:01,173 [INFO] 20241028112801.jpg 캡쳐 완료
2024-10-28 11:28:01,296 [INFO] 20241028112801.jpg 캡쳐 완료
2024-10-28 11:28:01,420 [INFO] 20241028112801.jpg 캡쳐 완료
2024-10-28 11:28:01,546 [INFO] 20241028112801.jpg 캡쳐 완료
2024-10-28 11:28:01,672 [INFO] 20241028112801.jpg 캡쳐 완료
2024-10-28 11:28:06,221 [INFO] [31m[1mWARNING: This is a development server. Do not use it in a production deployment. Use a production WSGI server instead.[0m
 * Running on all addresses (0.0.0.0)
 * Running on http://127.0.0.1:81
 * Running on http://192.168.10.243:81
2024-10-28 11:28:06,221 [INFO] [33mPress CTRL+C to quit[0m
2024-10-28 11:28:12,756 [INFO] 20241028112812.jpg 캡쳐 완료
2024-10-28 11:28:12,893 [INFO] 20241028112812.jpg 캡쳐 완료
2024-10-28 11:28:13,030 [INFO] 20241028112813.jpg 캡쳐 완료
2024-10-28 11:28:13,166 [INFO] 20241028112813.jpg 캡쳐 완료
2024-10-28 11:28:13,304 [INFO] 20241028112813.jpg 캡쳐 완료
2024-10-28 11:28:13,439 [INFO] 20241028112813.jpg 캡쳐 완료
2024-10-28 11:28:13,576 [INFO] 20241028112813.jpg 캡쳐 완료
2024-10-28 11:28:13,713 [INFO] 20241028112813.jpg 캡쳐 완료
2024-10-28 11:28:13,849 [INFO] 20241028112813.jpg 캡쳐 완료
2024-10-28 11:28:13,984 [INFO] 20241028112813.jpg 캡쳐 완료
2024-10-28 11:28:14,119 [INFO] 20241028112814.jpg 캡쳐 완료
2024-10-28 11:28:14,255 [INFO] 20241028112814.jpg 캡쳐 완료
2024-10-28 11:28:14,396 [INFO] 20241028112814.jpg 캡쳐 완료
2024-10-28 11:28:14,531 [INFO] 20241028112814.jpg 캡쳐 완료
2024-10-28 11:28:14,666 [INFO] 20241028112814.jpg 캡쳐 완료
2024-10-28 11:28:14,801 [INFO] 20241028112814.jpg 캡쳐 완료
2024-10-28 11:28:14,942 [INFO] 20241028112814.jpg 캡쳐 완료
2024-10-28 11:28:15,080 [INFO] 20241028112815.jpg 캡쳐 완료
2024-10-28 11:28:15,217 [INFO] 20241028112815.jpg 캡쳐 완료
2024-10-28 11:28:15,354 [INFO] 20241028112815.jpg 캡쳐 완료
2024-10-28 11:28:15,490 [INFO] 20241028112815.jpg 캡쳐 완료
2024-10-28 11:28:15,627 [INFO] 20241028112815.jpg 캡쳐 완료
2024-10-28 11:28:15,767 [INFO] 20241028112815.jpg 캡쳐 완료
2024-10-28 11:28:15,907 [INFO] 20241028112815.jpg 캡쳐 완료
2024-10-28 11:28:16,046 [INFO] 20241028112816.jpg 캡쳐 완료
2024-10-28 11:28:16,182 [INFO] 20241028112816.jpg 캡쳐 완료
2024-10-28 11:28:16,319 [INFO] 20241028112816.jpg 캡쳐 완료
2024-10-28 11:28:16,459 [INFO] 20241028112816.jpg 캡쳐 완료
2024-10-28 11:28:16,595 [INFO] 20241028112816.jpg 캡쳐 완료
2024-10-28 11:28:16,731 [INFO] 20241028112816.jpg 캡쳐 완료
2024-10-28 11:28:16,869 [INFO] 20241028112816.jpg 캡쳐 완료
2024-10-28 11:28:17,004 [INFO] 20241028112817.jpg 캡쳐 완료
2024-10-28 11:28:17,140 [INFO] 20241028112817.jpg 캡쳐 완료
2024-10-28 11:28:17,275 [INFO] 20241028112817.jpg 캡쳐 완료
2024-10-28 11:28:17,410 [INFO] 20241028112817.jpg 캡쳐 완료
2024-10-28 11:28:17,548 [INFO] 20241028112817.jpg 캡쳐 완료
2024-10-28 11:28:17,684 [INFO] 20241028112817.jpg 캡쳐 완료
2024-10-28 11:28:17,820 [INFO] 20241028112817.jpg 캡쳐 완료
2024-10-28 11:28:17,956 [INFO] 20241028112817.jpg 캡쳐 완료
2024-10-28 11:28:18,095 [INFO] 20241028112818.jpg 캡쳐 완료
2024-10-28 11:28:18,234 [INFO] 20241028112818.jpg 캡쳐 완료
2024-10-28 11:28:18,371 [INFO] 20241028112818.jpg 캡쳐 완료
2024-10-28 11:28:18,511 [INFO] 20241028112818.jpg 캡쳐 완료
2024-10-28 11:28:18,646 [INFO] 20241028112818.jpg 캡쳐 완료
2024-10-28 11:28:18,784 [INFO] 20241028112818.jpg 캡쳐 완료
2024-10-28 11:28:18,923 [INFO] 20241028112818.jpg 캡쳐 완료
2024-10-28 11:28:19,061 [INFO] 20241028112819.jpg 캡쳐 완료
2024-10-28 11:28:19,197 [INFO] 20241028112819.jpg 캡쳐 완료
2024-10-28 11:28:19,340 [INFO] 20241028112819.jpg 캡쳐 완료
2024-10-28 11:28:19,478 [INFO] 20241028112819.jpg 캡쳐 완료
2024-10-28 11:28:19,614 [INFO] 20241028112819.jpg 캡쳐 완료
2024-10-28 11:28:19,775 [INFO] 20241028112819.jpg 캡쳐 완료
2024-10-28 11:28:19,915 [INFO] 20241028112819.jpg 캡쳐 완료
2024-10-28 11:28:20,051 [INFO] 20241028112820.jpg 캡쳐 완료
2024-10-28 11:28:20,191 [INFO] 20241028112820.jpg 캡쳐 완료
2024-10-28 11:28:20,327 [INFO] 20241028112820.jpg 캡쳐 완료
2024-10-28 11:28:20,462 [INFO] 20241028112820.jpg 캡쳐 완료
2024-10-28 11:28:20,598 [INFO] 20241028112820.jpg 캡쳐 완료
2024-10-28 11:28:20,735 [INFO] 20241028112820.jpg 캡쳐 완료
2024-10-28 11:28:20,873 [INFO] 20241028112820.jpg 캡쳐 완료
2024-10-28 11:28:21,012 [INFO] 20241028112821.jpg 캡쳐 완료
2024-10-28 11:28:21,149 [INFO] 20241028112821.jpg 캡쳐 완료
2024-10-28 11:28:21,286 [INFO] 20241028112821.jpg 캡쳐 완료
2024-10-28 11:28:21,424 [INFO] 20241028112821.jpg 캡쳐 완료
2024-10-28 11:28:21,560 [INFO] 20241028112821.jpg 캡쳐 완료
2024-10-28 11:28:21,698 [INFO] 20241028112821.jpg 캡쳐 완료
2024-10-28 11:28:21,834 [INFO] 20241028112821.jpg 캡쳐 완료
2024-10-28 11:28:21,973 [INFO] 20241028112821.jpg 캡쳐 완료
2024-10-28 11:28:22,110 [INFO] 20241028112822.jpg 캡쳐 완료
2024-10-28 11:28:22,247 [INFO] 20241028112822.jpg 캡쳐 완료
2024-10-28 11:28:22,385 [INFO] 20241028112822.jpg 캡쳐 완료
2024-10-28 11:28:22,522 [INFO] 20241028112822.jpg 캡쳐 완료
2024-10-28 11:28:22,658 [INFO] 20241028112822.jpg 캡쳐 완료
2024-10-28 11:28:22,798 [INFO] 20241028112822.jpg 캡쳐 완료
2024-10-28 11:28:22,954 [INFO] 20241028112822.jpg 캡쳐 완료
2024-10-28 11:28:23,093 [INFO] 20241028112823.jpg 캡쳐 완료
2024-10-28 11:28:23,230 [INFO] 20241028112823.jpg 캡쳐 완료
2024-10-28 11:28:23,368 [INFO] 20241028112823.jpg 캡쳐 완료
2024-10-28 11:28:23,505 [INFO] 20241028112823.jpg 캡쳐 완료
2024-10-28 11:28:23,642 [INFO] 20241028112823.jpg 캡쳐 완료
2024-10-28 11:28:23,780 [INFO] 20241028112823.jpg 캡쳐 완료
2024-10-28 11:28:23,919 [INFO] 20241028112823.jpg 캡쳐 완료
2024-10-28 11:28:24,057 [INFO] 20241028112824.jpg 캡쳐 완료
2024-10-28 11:28:24,193 [INFO] 20241028112824.jpg 캡쳐 완료
2024-10-28 11:28:24,328 [INFO] 20241028112824.jpg 캡쳐 완료
2024-10-28 11:28:24,465 [INFO] 20241028112824.jpg 캡쳐 완료
2024-10-28 11:28:24,603 [INFO] 20241028112824.jpg 캡쳐 완료
2024-10-28 11:28:24,738 [INFO] 20241028112824.jpg 캡쳐 완료
2024-10-28 11:28:24,873 [INFO] 20241028112824.jpg 캡쳐 완료
2024-10-28 11:28:25,015 [INFO] 20241028112825.jpg 캡쳐 완료
2024-10-28 11:28:25,155 [INFO] 20241028112825.jpg 캡쳐 완료
2024-10-28 11:28:25,290 [INFO] 20241028112825.jpg 캡쳐 완료
2024-10-28 11:28:25,429 [INFO] 20241028112825.jpg 캡쳐 완료
2024-10-28 11:28:25,565 [INFO] 20241028112825.jpg 캡쳐 완료
2024-10-28 11:28:25,714 [INFO] 20241028112825.jpg 캡쳐 완료
2024-10-28 11:28:25,852 [INFO] 20241028112825.jpg 캡쳐 완료
2024-10-28 11:28:25,990 [INFO] 20241028112825.jpg 캡쳐 완료
2024-10-28 11:28:26,136 [INFO] 20241028112826.jpg 캡쳐 완료
2024-10-28 11:28:26,278 [INFO] 20241028112826.jpg 캡쳐 완료
2024-10-28 11:28:26,414 [INFO] 20241028112826.jpg 캡쳐 완료
2024-10-28 11:28:26,550 [INFO] 20241028112826.jpg 캡쳐 완료
2024-10-28 11:28:26,688 [INFO] 20241028112826.jpg 캡쳐 완료
2024-10-28 11:28:26,826 [INFO] 20241028112826.jpg 캡쳐 완료
2024-10-28 11:28:26,964 [INFO] 20241028112826.jpg 캡쳐 완료
2024-10-28 11:28:27,103 [INFO] 20241028112827.jpg 캡쳐 완료
2024-10-28 11:28:27,242 [INFO] 20241028112827.jpg 캡쳐 완료
2024-10-28 11:28:27,378 [INFO] 20241028112827.jpg 캡쳐 완료
2024-10-28 11:28:27,519 [INFO] 20241028112827.jpg 캡쳐 완료
2024-10-28 11:28:27,656 [INFO] 20241028112827.jpg 캡쳐 완료
2024-10-28 11:28:27,794 [INFO] 20241028112827.jpg 캡쳐 완료
2024-10-28 11:28:27,932 [INFO] 20241028112827.jpg 캡쳐 완료
2024-10-28 11:28:28,070 [INFO] 20241028112828.jpg 캡쳐 완료
2024-10-28 11:28:28,208 [INFO] 20241028112828.jpg 캡쳐 완료
2024-10-28 11:28:28,347 [INFO] 20241028112828.jpg 캡쳐 완료
2024-10-28 11:28:28,486 [INFO] 20241028112828.jpg 캡쳐 완료
2024-10-28 11:28:28,622 [INFO] 20241028112828.jpg 캡쳐 완료
2024-10-28 11:28:28,759 [INFO] 20241028112828.jpg 캡쳐 완료
2024-10-28 11:28:28,893 [INFO] 20241028112828.jpg 캡쳐 완료
2024-10-28 11:28:29,030 [INFO] 20241028112829.jpg 캡쳐 완료
2024-10-28 11:28:29,166 [INFO] 20241028112829.jpg 캡쳐 완료
2024-10-28 11:28:29,302 [INFO] 20241028112829.jpg 캡쳐 완료
2024-10-28 11:28:29,438 [INFO] 20241028112829.jpg 캡쳐 완료
2024-10-28 11:28:29,583 [INFO] 20241028112829.jpg 캡쳐 완료
2024-10-28 11:28:29,720 [INFO] 20241028112829.jpg 캡쳐 완료
2024-10-28 11:28:29,750 [INFO] 20241028112829.jpg 얼굴 인식됨
2024-10-28 11:28:29,756 [DEBUG] Starting new HTTP connection (1): 192.168.137.1:80
2024-10-28 11:28:29,758 [DEBUG] http://192.168.137.1:80 "POST / HTTP/11" 405 153
2024-10-28 11:28:29,865 [INFO] 20241028112829.jpg 캡쳐 완료
2024-10-28 11:28:29,895 [INFO] 20241028112829.jpg 얼굴 인식됨
2024-10-28 11:28:29,898 [DEBUG] Starting new HTTP connection (1): 192.168.137.1:80
2024-10-28 11:28:29,900 [DEBUG] http://192.168.137.1:80 "POST / HTTP/11" 405 153
2024-10-28 11:28:30,009 [INFO] 20241028112830.jpg 캡쳐 완료
2024-10-28 11:28:30,037 [INFO] 20241028112830.jpg 얼굴 인식됨
2024-10-28 11:28:30,040 [DEBUG] Starting new HTTP connection (1): 192.168.137.1:80
2024-10-28 11:28:30,042 [DEBUG] http://192.168.137.1:80 "POST / HTTP/11" 405 153
2024-10-28 11:28:30,151 [INFO] 20241028112830.jpg 캡쳐 완료
2024-10-28 11:28:30,180 [INFO] 20241028112830.jpg 얼굴 인식됨
2024-10-28 11:28:30,182 [DEBUG] Starting new HTTP connection (1): 192.168.137.1:80
2024-10-28 11:28:30,185 [DEBUG] http://192.168.137.1:80 "POST / HTTP/11" 405 153
2024-10-28 11:28:30,293 [INFO] 20241028112830.jpg 캡쳐 완료
2024-10-28 11:28:30,329 [INFO] 20241028112830.jpg 얼굴 인식됨
2024-10-28 11:28:30,334 [DEBUG] Starting new HTTP connection (1): 192.168.137.1:80
2024-10-28 11:28:30,337 [DEBUG] http://192.168.137.1:80 "POST / HTTP/11" 405 153
2024-10-28 11:28:30,446 [INFO] 20241028112830.jpg 캡쳐 완료
2024-10-28 11:28:30,477 [INFO] 20241028112830.jpg 얼굴 인식됨
2024-10-28 11:28:30,481 [DEBUG] Starting new HTTP connection (1): 192.168.137.1:80
2024-10-28 11:28:30,483 [DEBUG] http://192.168.137.1:80 "POST / HTTP/11" 405 153
2024-10-28 11:28:30,591 [INFO] 20241028112830.jpg 캡쳐 완료
2024-10-28 11:28:30,623 [INFO] 20241028112830.jpg 얼굴 인식됨
2024-10-28 11:28:30,628 [DEBUG] Starting new HTTP connection (1): 192.168.137.1:80
2024-10-28 11:28:30,630 [DEBUG] http://192.168.137.1:80 "POST / HTTP/11" 405 153
2024-10-28 11:28:30,738 [INFO] 20241028112830.jpg 캡쳐 완료
2024-10-28 11:28:30,768 [INFO] 20241028112830.jpg 얼굴 인식됨
2024-10-28 11:28:30,771 [DEBUG] Starting new HTTP connection (1): 192.168.137.1:80
2024-10-28 11:28:30,774 [DEBUG] http://192.168.137.1:80 "POST / HTTP/11" 405 153
2024-10-28 11:28:30,882 [INFO] 20241028112830.jpg 캡쳐 완료
2024-10-28 11:28:30,915 [INFO] 20241028112830.jpg 얼굴 인식됨
2024-10-28 11:28:30,919 [DEBUG] Starting new HTTP connection (1): 192.168.137.1:80
2024-10-28 11:28:30,921 [DEBUG] http://192.168.137.1:80 "POST / HTTP/11" 405 153
2024-10-28 11:28:31,029 [INFO] 20241028112831.jpg 캡쳐 완료
2024-10-28 11:28:31,058 [INFO] 20241028112831.jpg 얼굴 인식됨
2024-10-28 11:28:31,062 [DEBUG] Starting new HTTP connection (1): 192.168.137.1:80
2024-10-28 11:28:31,064 [DEBUG] http://192.168.137.1:80 "POST / HTTP/11" 405 153
2024-10-28 11:28:31,172 [INFO] 20241028112831.jpg 캡쳐 완료
2024-10-28 11:28:31,201 [INFO] 20241028112831.jpg 얼굴 인식됨
2024-10-28 11:28:31,206 [DEBUG] Starting new HTTP connection (1): 192.168.137.1:80
2024-10-28 11:28:31,208 [DEBUG] http://192.168.137.1:80 "POST / HTTP/11" 405 153
2024-10-28 11:28:31,316 [INFO] 20241028112831.jpg 캡쳐 완료
2024-10-28 11:28:31,346 [INFO] 20241028112831.jpg 얼굴 인식됨
2024-10-28 11:28:31,350 [DEBUG] Starting new HTTP connection (1): 192.168.137.1:80
2024-10-28 11:28:31,353 [DEBUG] http://192.168.137.1:80 "POST / HTTP/11" 405 153
2024-10-28 11:28:31,461 [INFO] 20241028112831.jpg 캡쳐 완료
2024-10-28 11:28:31,502 [INFO] 20241028112831.jpg 얼굴 인식됨
2024-10-28 11:28:31,507 [DEBUG] Starting new HTTP connection (1): 192.168.137.1:80
2024-10-28 11:28:31,509 [DEBUG] http://192.168.137.1:80 "POST / HTTP/11" 405 153
2024-10-28 11:28:31,617 [INFO] 20241028112831.jpg 캡쳐 완료
2024-10-28 11:28:31,650 [INFO] 20241028112831.jpg 얼굴 인식됨
2024-10-28 11:28:31,653 [DEBUG] Starting new HTTP connection (1): 192.168.137.1:80
2024-10-28 11:28:31,655 [DEBUG] http://192.168.137.1:80 "POST / HTTP/11" 405 153
2024-10-28 11:28:31,763 [INFO] 20241028112831.jpg 캡쳐 완료
2024-10-28 11:28:31,795 [INFO] 20241028112831.jpg 얼굴 인식됨
2024-10-28 11:28:31,799 [DEBUG] Starting new HTTP connection (1): 192.168.137.1:80
2024-10-28 11:28:31,801 [DEBUG] http://192.168.137.1:80 "POST / HTTP/11" 405 153
2024-10-28 11:28:31,909 [INFO] 20241028112831.jpg 캡쳐 완료
2024-10-28 11:28:31,936 [INFO] 20241028112831.jpg 얼굴 인식됨
2024-10-28 11:28:31,940 [DEBUG] Starting new HTTP connection (1): 192.168.137.1:80
2024-10-28 11:28:31,942 [DEBUG] http://192.168.137.1:80 "POST / HTTP/11" 405 153
2024-10-28 11:28:32,049 [INFO] 20241028112832.jpg 캡쳐 완료
2024-10-28 11:28:32,081 [INFO] 20241028112832.jpg 얼굴 인식됨
2024-10-28 11:28:32,084 [DEBUG] Starting new HTTP connection (1): 192.168.137.1:80
2024-10-28 11:28:32,087 [DEBUG] http://192.168.137.1:80 "POST / HTTP/11" 405 153
2024-10-28 11:28:32,195 [INFO] 20241028112832.jpg 캡쳐 완료
2024-10-28 11:28:32,232 [INFO] 20241028112832.jpg 얼굴 인식됨
2024-10-28 11:28:32,236 [DEBUG] Starting new HTTP connection (1): 192.168.137.1:80
2024-10-28 11:28:32,239 [DEBUG] http://192.168.137.1:80 "POST / HTTP/11" 405 153
2024-10-28 11:28:32,347 [INFO] 20241028112832.jpg 캡쳐 완료
2024-10-28 11:28:32,379 [INFO] 20241028112832.jpg 얼굴 인식됨
2024-10-28 11:28:32,383 [DEBUG] Starting new HTTP connection (1): 192.168.137.1:80
2024-10-28 11:28:32,386 [DEBUG] http://192.168.137.1:80 "POST / HTTP/11" 405 153
2024-10-28 11:28:32,494 [INFO] 20241028112832.jpg 캡쳐 완료
2024-10-28 11:28:32,523 [INFO] 20241028112832.jpg 얼굴 인식됨
2024-10-28 11:28:32,526 [DEBUG] Starting new HTTP connection (1): 192.168.137.1:80
2024-10-28 11:28:32,528 [DEBUG] http://192.168.137.1:80 "POST / HTTP/11" 405 153
2024-10-28 11:28:32,636 [INFO] 20241028112832.jpg 캡쳐 완료
2024-10-28 11:28:32,664 [INFO] 20241028112832.jpg 얼굴 인식됨
2024-10-28 11:28:32,667 [DEBUG] Starting new HTTP connection (1): 192.168.137.1:80
2024-10-28 11:28:32,670 [DEBUG] http://192.168.137.1:80 "POST / HTTP/11" 405 153
2024-10-28 11:28:32,778 [INFO] 20241028112832.jpg 캡쳐 완료
2024-10-28 11:28:32,810 [INFO] 20241028112832.jpg 얼굴 인식됨
2024-10-28 11:28:32,813 [DEBUG] Starting new HTTP connection (1): 192.168.137.1:80
2024-10-28 11:28:32,815 [DEBUG] http://192.168.137.1:80 "POST / HTTP/11" 405 153
2024-10-28 11:28:32,923 [INFO] 20241028112832.jpg 캡쳐 완료
2024-10-28 11:28:32,953 [INFO] 20241028112832.jpg 얼굴 인식됨
2024-10-28 11:28:32,956 [DEBUG] Starting new HTTP connection (1): 192.168.137.1:80
2024-10-28 11:28:32,958 [DEBUG] http://192.168.137.1:80 "POST / HTTP/11" 405 153
2024-10-28 11:28:33,068 [INFO] 20241028112833.jpg 캡쳐 완료
2024-10-28 11:28:33,096 [INFO] 20241028112833.jpg 얼굴 인식됨
2024-10-28 11:28:33,099 [DEBUG] Starting new HTTP connection (1): 192.168.137.1:80
2024-10-28 11:28:33,101 [DEBUG] http://192.168.137.1:80 "POST / HTTP/11" 405 153
2024-10-28 11:28:33,210 [INFO] 20241028112833.jpg 캡쳐 완료
2024-10-28 11:28:33,237 [INFO] 20241028112833.jpg 얼굴 인식됨
2024-10-28 11:28:33,241 [DEBUG] Starting new HTTP connection (1): 192.168.137.1:80
2024-10-28 11:28:33,243 [DEBUG] http://192.168.137.1:80 "POST / HTTP/11" 405 153
2024-10-28 11:28:33,351 [INFO] 20241028112833.jpg 캡쳐 완료
2024-10-28 11:28:33,380 [INFO] 20241028112833.jpg 얼굴 인식됨
2024-10-28 11:28:33,384 [DEBUG] Starting new HTTP connection (1): 192.168.137.1:80
2024-10-28 11:28:33,387 [DEBUG] http://192.168.137.1:80 "POST / HTTP/11" 405 153
2024-10-28 11:28:33,495 [INFO] 20241028112833.jpg 캡쳐 완료
2024-10-28 11:28:33,525 [INFO] 20241028112833.jpg 얼굴 인식됨
2024-10-28 11:28:33,529 [DEBUG] Starting new HTTP connection (1): 192.168.137.1:80
2024-10-28 11:28:33,532 [DEBUG] http://192.168.137.1:80 "POST / HTTP/11" 405 153
2024-10-28 11:28:33,640 [INFO] 20241028112833.jpg 캡쳐 완료
2024-10-28 11:28:33,673 [INFO] 20241028112833.jpg 얼굴 인식됨
2024-10-28 11:28:33,678 [DEBUG] Starting new HTTP connection (1): 192.168.137.1:80
2024-10-28 11:28:33,680 [DEBUG] http://192.168.137.1:80 "POST / HTTP/11" 405 153
2024-10-28 11:28:33,788 [INFO] 20241028112833.jpg 캡쳐 완료
2024-10-28 11:28:33,820 [INFO] 20241028112833.jpg 얼굴 인식됨
2024-10-28 11:28:33,824 [DEBUG] Starting new HTTP connection (1): 192.168.137.1:80
2024-10-28 11:28:33,826 [DEBUG] http://192.168.137.1:80 "POST / HTTP/11" 405 153
2024-10-28 11:28:33,934 [INFO] 20241028112833.jpg 캡쳐 완료
2024-10-28 11:28:33,964 [INFO] 20241028112833.jpg 얼굴 인식됨
2024-10-28 11:28:33,968 [DEBUG] Starting new HTTP connection (1): 192.168.137.1:80
2024-10-28 11:28:33,970 [DEBUG] http://192.168.137.1:80 "POST / HTTP/11" 405 153
2024-10-28 11:28:34,078 [INFO] 20241028112834.jpg 캡쳐 완료
2024-10-28 11:28:34,108 [INFO] 20241028112834.jpg 얼굴 인식됨
2024-10-28 11:28:34,111 [DEBUG] Starting new HTTP connection (1): 192.168.137.1:80
2024-10-28 11:28:34,114 [DEBUG] http://192.168.137.1:80 "POST / HTTP/11" 405 153
2024-10-28 11:28:34,222 [INFO] 20241028112834.jpg 캡쳐 완료
2024-10-28 11:28:34,359 [INFO] 20241028112834.jpg 캡쳐 완료
2024-10-28 11:28:34,497 [INFO] 20241028112834.jpg 캡쳐 완료
2024-10-28 11:28:34,634 [INFO] 20241028112834.jpg 캡쳐 완료
2024-10-28 11:28:34,774 [INFO] 20241028112834.jpg 캡쳐 완료
2024-10-28 11:28:34,911 [INFO] 20241028112834.jpg 캡쳐 완료
2024-10-28 11:28:35,052 [INFO] 20241028112835.jpg 캡쳐 완료
2024-10-28 11:28:35,189 [INFO] 20241028112835.jpg 캡쳐 완료
2024-10-28 11:28:35,327 [INFO] 20241028112835.jpg 캡쳐 완료
2024-10-28 11:28:35,464 [INFO] 20241028112835.jpg 캡쳐 완료
2024-10-28 11:28:35,599 [INFO] 20241028112835.jpg 캡쳐 완료
2024-10-28 11:28:35,630 [INFO] 20241028112835.jpg 얼굴 인식됨
2024-10-28 11:28:35,634 [DEBUG] Starting new HTTP connection (1): 192.168.137.1:80
2024-10-28 11:28:35,637 [DEBUG] http://192.168.137.1:80 "POST / HTTP/11" 405 153
2024-10-28 11:28:35,745 [INFO] 20241028112835.jpg 캡쳐 완료
2024-10-28 11:28:35,895 [INFO] 20241028112835.jpg 캡쳐 완료
2024-10-28 11:28:36,031 [INFO] 20241028112836.jpg 캡쳐 완료
2024-10-28 11:28:36,171 [INFO] 20241028112836.jpg 캡쳐 완료
2024-10-28 11:28:36,308 [INFO] 20241028112836.jpg 캡쳐 완료
2024-10-28 11:28:36,451 [INFO] 20241028112836.jpg 캡쳐 완료
2024-10-28 11:28:36,589 [INFO] 20241028112836.jpg 캡쳐 완료
2024-10-28 11:28:36,726 [INFO] 20241028112836.jpg 캡쳐 완료
2024-10-28 11:28:36,865 [INFO] 20241028112836.jpg 캡쳐 완료
2024-10-28 11:28:37,004 [INFO] 20241028112836.jpg 캡쳐 완료
2024-10-28 11:28:37,139 [INFO] 20241028112837.jpg 캡쳐 완료
2024-10-28 11:28:37,275 [INFO] 20241028112837.jpg 캡쳐 완료
2024-10-28 11:28:37,411 [INFO] 20241028112837.jpg 캡쳐 완료
2024-10-28 11:28:37,550 [INFO] 20241028112837.jpg 캡쳐 완료
2024-10-28 11:28:37,686 [INFO] 20241028112837.jpg 캡쳐 완료
2024-10-28 11:28:37,822 [INFO] 20241028112837.jpg 캡쳐 완료
2024-10-28 11:28:37,956 [INFO] 20241028112837.jpg 캡쳐 완료
2024-10-28 11:28:38,090 [INFO] 20241028112838.jpg 캡쳐 완료
2024-10-28 11:28:38,229 [INFO] 20241028112838.jpg 캡쳐 완료
2024-10-28 11:28:38,367 [INFO] 20241028112838.jpg 캡쳐 완료
2024-10-28 11:28:38,505 [INFO] 20241028112838.jpg 캡쳐 완료
2024-10-28 11:28:38,640 [INFO] 20241028112838.jpg 캡쳐 완료
2024-10-28 11:28:38,780 [INFO] 20241028112838.jpg 캡쳐 완료
2024-10-28 11:28:38,919 [INFO] 20241028112838.jpg 캡쳐 완료
2024-10-28 11:28:38,949 [INFO] 20241028112838.jpg 얼굴 인식됨
2024-10-28 11:28:38,952 [DEBUG] Starting new HTTP connection (1): 192.168.137.1:80
2024-10-28 11:28:38,954 [DEBUG] http://192.168.137.1:80 "POST / HTTP/11" 405 153
2024-10-28 11:28:39,063 [INFO] 20241028112839.jpg 캡쳐 완료
2024-10-28 11:28:39,199 [INFO] 20241028112839.jpg 캡쳐 완료
2024-10-28 11:28:39,336 [INFO] 20241028112839.jpg 캡쳐 완료
2024-10-28 11:28:39,473 [INFO] 20241028112839.jpg 캡쳐 완료
2024-10-28 11:28:39,611 [INFO] 20241028112839.jpg 캡쳐 완료
2024-10-28 11:28:39,747 [INFO] 20241028112839.jpg 캡쳐 완료
2024-10-28 11:28:39,888 [INFO] 20241028112839.jpg 캡쳐 완료
2024-10-28 11:28:40,024 [INFO] 20241028112840.jpg 캡쳐 완료
2024-10-28 11:28:40,162 [INFO] 20241028112840.jpg 캡쳐 완료
2024-10-28 11:28:40,299 [INFO] 20241028112840.jpg 캡쳐 완료
2024-10-28 11:28:40,332 [INFO] 20241028112840.jpg 얼굴 인식됨
2024-10-28 11:28:40,336 [DEBUG] Starting new HTTP connection (1): 192.168.137.1:80
2024-10-28 11:28:40,338 [DEBUG] http://192.168.137.1:80 "POST / HTTP/11" 405 153
2024-10-28 11:28:40,446 [INFO] 20241028112840.jpg 캡쳐 완료
2024-10-28 11:28:40,590 [INFO] 20241028112840.jpg 캡쳐 완료
2024-10-28 11:28:40,618 [INFO] 20241028112840.jpg 얼굴 인식됨
2024-10-28 11:28:40,621 [DEBUG] Starting new HTTP connection (1): 192.168.137.1:80
2024-10-28 11:28:40,623 [DEBUG] http://192.168.137.1:80 "POST / HTTP/11" 405 153
2024-10-28 11:28:40,730 [INFO] 20241028112840.jpg 캡쳐 완료
2024-10-28 11:28:40,760 [INFO] 20241028112840.jpg 얼굴 인식됨
2024-10-28 11:28:40,763 [DEBUG] Starting new HTTP connection (1): 192.168.137.1:80
2024-10-28 11:28:40,766 [DEBUG] http://192.168.137.1:80 "POST / HTTP/11" 405 153
2024-10-28 11:28:40,874 [INFO] 20241028112840.jpg 캡쳐 완료
2024-10-28 11:28:40,907 [INFO] 20241028112840.jpg 얼굴 인식됨
2024-10-28 11:28:40,910 [DEBUG] Starting new HTTP connection (1): 192.168.137.1:80
2024-10-28 11:28:40,912 [DEBUG] http://192.168.137.1:80 "POST / HTTP/11" 405 153
2024-10-28 11:28:41,022 [INFO] 20241028112841.jpg 캡쳐 완료
2024-10-28 11:28:41,057 [INFO] 20241028112841.jpg 얼굴 인식됨
2024-10-28 11:28:41,061 [DEBUG] Starting new HTTP connection (1): 192.168.137.1:80
2024-10-28 11:28:41,064 [DEBUG] http://192.168.137.1:80 "POST / HTTP/11" 405 153
2024-10-28 11:28:41,172 [INFO] 20241028112841.jpg 캡쳐 완료
2024-10-28 11:28:41,202 [INFO] 20241028112841.jpg 얼굴 인식됨
2024-10-28 11:28:41,205 [DEBUG] Starting new HTTP connection (1): 192.168.137.1:80
2024-10-28 11:28:41,207 [DEBUG] http://192.168.137.1:80 "POST / HTTP/11" 405 153
2024-10-28 11:28:41,315 [INFO] 20241028112841.jpg 캡쳐 완료
2024-10-28 11:28:41,343 [INFO] 20241028112841.jpg 얼굴 인식됨
2024-10-28 11:28:41,346 [DEBUG] Starting new HTTP connection (1): 192.168.137.1:80
2024-10-28 11:28:41,349 [DEBUG] http://192.168.137.1:80 "POST / HTTP/11" 405 153
2024-10-28 11:28:41,457 [INFO] 20241028112841.jpg 캡쳐 완료
2024-10-28 11:28:41,486 [INFO] 20241028112841.jpg 얼굴 인식됨
2024-10-28 11:28:41,489 [DEBUG] Starting new HTTP connection (1): 192.168.137.1:80
2024-10-28 11:28:41,493 [DEBUG] http://192.168.137.1:80 "POST / HTTP/11" 405 153
2024-10-28 11:28:41,601 [INFO] 20241028112841.jpg 캡쳐 완료
2024-10-28 11:28:41,630 [INFO] 20241028112841.jpg 얼굴 인식됨
2024-10-28 11:28:41,633 [DEBUG] Starting new HTTP connection (1): 192.168.137.1:80
2024-10-28 11:28:41,635 [DEBUG] http://192.168.137.1:80 "POST / HTTP/11" 405 153
2024-10-28 11:28:41,743 [INFO] 20241028112841.jpg 캡쳐 완료
2024-10-28 11:28:41,772 [INFO] 20241028112841.jpg 얼굴 인식됨
2024-10-28 11:28:41,775 [DEBUG] Starting new HTTP connection (1): 192.168.137.1:80
2024-10-28 11:28:41,777 [DEBUG] http://192.168.137.1:80 "POST / HTTP/11" 405 153
2024-10-28 11:28:41,886 [INFO] 20241028112841.jpg 캡쳐 완료
2024-10-28 11:28:41,916 [INFO] 20241028112841.jpg 얼굴 인식됨
2024-10-28 11:28:41,919 [DEBUG] Starting new HTTP connection (1): 192.168.137.1:80
2024-10-28 11:28:41,921 [DEBUG] http://192.168.137.1:80 "POST / HTTP/11" 405 153
2024-10-28 11:28:42,029 [INFO] 20241028112842.jpg 캡쳐 완료
2024-10-28 11:28:42,057 [INFO] 20241028112842.jpg 얼굴 인식됨
2024-10-28 11:28:42,060 [DEBUG] Starting new HTTP connection (1): 192.168.137.1:80
2024-10-28 11:28:42,063 [DEBUG] http://192.168.137.1:80 "POST / HTTP/11" 405 153
2024-10-28 11:28:42,171 [INFO] 20241028112842.jpg 캡쳐 완료
2024-10-28 11:28:42,200 [INFO] 20241028112842.jpg 얼굴 인식됨
2024-10-28 11:28:42,204 [DEBUG] Starting new HTTP connection (1): 192.168.137.1:80
2024-10-28 11:28:42,205 [DEBUG] http://192.168.137.1:80 "POST / HTTP/11" 405 153
2024-10-28 11:28:42,312 [INFO] 20241028112842.jpg 캡쳐 완료
2024-10-28 11:28:42,345 [INFO] 20241028112842.jpg 얼굴 인식됨
2024-10-28 11:28:42,349 [DEBUG] Starting new HTTP connection (1): 192.168.137.1:80
2024-10-28 11:28:42,352 [DEBUG] http://192.168.137.1:80 "POST / HTTP/11" 405 153
2024-10-28 11:28:42,459 [INFO] 20241028112842.jpg 캡쳐 완료
2024-10-28 11:28:42,489 [INFO] 20241028112842.jpg 얼굴 인식됨
2024-10-28 11:28:42,492 [DEBUG] Starting new HTTP connection (1): 192.168.137.1:80
2024-10-28 11:28:42,494 [DEBUG] http://192.168.137.1:80 "POST / HTTP/11" 405 153
2024-10-28 11:28:42,602 [INFO] 20241028112842.jpg 캡쳐 완료
2024-10-28 11:28:42,633 [INFO] 20241028112842.jpg 얼굴 인식됨
2024-10-28 11:28:42,637 [DEBUG] Starting new HTTP connection (1): 192.168.137.1:80
2024-10-28 11:28:42,640 [DEBUG] http://192.168.137.1:80 "POST / HTTP/11" 405 153
2024-10-28 11:28:42,748 [INFO] 20241028112842.jpg 캡쳐 완료
2024-10-28 11:28:42,779 [INFO] 20241028112842.jpg 얼굴 인식됨
2024-10-28 11:28:42,782 [DEBUG] Starting new HTTP connection (1): 192.168.137.1:80
2024-10-28 11:28:42,784 [DEBUG] http://192.168.137.1:80 "POST / HTTP/11" 405 153
2024-10-28 11:28:42,893 [INFO] 20241028112842.jpg 캡쳐 완료
2024-10-28 11:28:42,921 [INFO] 20241028112842.jpg 얼굴 인식됨
2024-10-28 11:28:42,923 [DEBUG] Starting new HTTP connection (1): 192.168.137.1:80
2024-10-28 11:28:42,925 [DEBUG] http://192.168.137.1:80 "POST / HTTP/11" 405 153
2024-10-28 11:28:43,034 [INFO] 20241028112843.jpg 캡쳐 완료
2024-10-28 11:28:43,061 [INFO] 20241028112843.jpg 얼굴 인식됨
2024-10-28 11:28:43,065 [DEBUG] Starting new HTTP connection (1): 192.168.137.1:80
2024-10-28 11:28:43,067 [DEBUG] http://192.168.137.1:80 "POST / HTTP/11" 405 153
2024-10-28 11:28:43,176 [INFO] 20241028112843.jpg 캡쳐 완료
2024-10-28 11:28:43,209 [INFO] 20241028112843.jpg 얼굴 인식됨
2024-10-28 11:28:43,213 [DEBUG] Starting new HTTP connection (1): 192.168.137.1:80
2024-10-28 11:28:43,215 [DEBUG] http://192.168.137.1:80 "POST / HTTP/11" 405 153
2024-10-28 11:28:43,324 [INFO] 20241028112843.jpg 캡쳐 완료
2024-10-28 11:28:43,352 [INFO] 20241028112843.jpg 얼굴 인식됨
2024-10-28 11:28:43,355 [DEBUG] Starting new HTTP connection (1): 192.168.137.1:80
2024-10-28 11:28:43,357 [DEBUG] http://192.168.137.1:80 "POST / HTTP/11" 405 153
2024-10-28 11:28:43,466 [INFO] 20241028112843.jpg 캡쳐 완료
2024-10-28 11:28:43,503 [INFO] 20241028112843.jpg 얼굴 인식됨
2024-10-28 11:28:43,506 [DEBUG] Starting new HTTP connection (1): 192.168.137.1:80
2024-10-28 11:28:43,510 [DEBUG] http://192.168.137.1:80 "POST / HTTP/11" 405 153
2024-10-28 11:28:43,617 [INFO] 20241028112843.jpg 캡쳐 완료
2024-10-28 11:28:43,652 [INFO] 20241028112843.jpg 얼굴 인식됨
2024-10-28 11:28:43,657 [DEBUG] Starting new HTTP connection (1): 192.168.137.1:80
2024-10-28 11:28:43,660 [DEBUG] http://192.168.137.1:80 "POST / HTTP/11" 405 153
2024-10-28 11:28:43,773 [INFO] 20241028112843.jpg 캡쳐 완료
2024-10-28 11:28:43,821 [INFO] 20241028112843.jpg 얼굴 인식됨
2024-10-28 11:28:43,826 [DEBUG] Starting new HTTP connection (1): 192.168.137.1:80
2024-10-28 11:28:43,829 [DEBUG] http://192.168.137.1:80 "POST / HTTP/11" 405 153
2024-10-28 11:28:43,938 [INFO] 20241028112843.jpg 캡쳐 완료
2024-10-28 11:28:43,967 [INFO] 20241028112843.jpg 얼굴 인식됨
2024-10-28 11:28:43,971 [DEBUG] Starting new HTTP connection (1): 192.168.137.1:80
2024-10-28 11:28:43,974 [DEBUG] http://192.168.137.1:80 "POST / HTTP/11" 405 153
2024-10-28 11:28:44,082 [INFO] 20241028112844.jpg 캡쳐 완료
2024-10-28 11:28:44,117 [INFO] 20241028112844.jpg 얼굴 인식됨
2024-10-28 11:28:44,121 [DEBUG] Starting new HTTP connection (1): 192.168.137.1:80
2024-10-28 11:28:44,125 [DEBUG] http://192.168.137.1:80 "POST / HTTP/11" 405 153
2024-10-28 11:28:44,233 [INFO] 20241028112844.jpg 캡쳐 완료
2024-10-28 11:28:44,265 [INFO] 20241028112844.jpg 얼굴 인식됨
2024-10-28 11:28:44,269 [DEBUG] Starting new HTTP connection (1): 192.168.137.1:80
2024-10-28 11:28:44,272 [DEBUG] http://192.168.137.1:80 "POST / HTTP/11" 405 153
2024-10-28 11:28:44,380 [INFO] 20241028112844.jpg 캡쳐 완료
2024-10-28 11:28:44,412 [INFO] 20241028112844.jpg 얼굴 인식됨
2024-10-28 11:28:44,418 [DEBUG] Starting new HTTP connection (1): 192.168.137.1:80
2024-10-28 11:28:44,422 [DEBUG] http://192.168.137.1:80 "POST / HTTP/11" 405 153
2024-10-28 11:28:44,530 [INFO] 20241028112844.jpg 캡쳐 완료
2024-10-28 11:28:44,563 [INFO] 20241028112844.jpg 얼굴 인식됨
2024-10-28 11:28:44,567 [DEBUG] Starting new HTTP connection (1): 192.168.137.1:80
2024-10-28 11:28:44,569 [DEBUG] http://192.168.137.1:80 "POST / HTTP/11" 405 153
2024-10-28 11:28:44,677 [INFO] 20241028112844.jpg 캡쳐 완료
2024-10-28 11:28:44,706 [INFO] 20241028112844.jpg 얼굴 인식됨
2024-10-28 11:28:44,710 [DEBUG] Starting new HTTP connection (1): 192.168.137.1:80
2024-10-28 11:28:44,713 [DEBUG] http://192.168.137.1:80 "POST / HTTP/11" 405 153
2024-10-28 11:28:44,821 [INFO] 20241028112844.jpg 캡쳐 완료
2024-10-28 11:28:44,852 [INFO] 20241028112844.jpg 얼굴 인식됨
2024-10-28 11:28:44,856 [DEBUG] Starting new HTTP connection (1): 192.168.137.1:80
2024-10-28 11:28:44,858 [DEBUG] http://192.168.137.1:80 "POST / HTTP/11" 405 153
2024-10-28 11:28:44,966 [INFO] 20241028112844.jpg 캡쳐 완료
2024-10-28 11:28:44,994 [INFO] 20241028112844.jpg 얼굴 인식됨
2024-10-28 11:28:44,997 [DEBUG] Starting new HTTP connection (1): 192.168.137.1:80
2024-10-28 11:28:45,000 [DEBUG] http://192.168.137.1:80 "POST / HTTP/11" 405 153
2024-10-28 11:28:45,107 [INFO] 20241028112845.jpg 캡쳐 완료
2024-10-28 11:28:45,137 [INFO] 20241028112845.jpg 얼굴 인식됨
2024-10-28 11:28:45,140 [DEBUG] Starting new HTTP connection (1): 192.168.137.1:80
2024-10-28 11:28:45,142 [DEBUG] http://192.168.137.1:80 "POST / HTTP/11" 405 153
2024-10-28 11:28:45,250 [INFO] 20241028112845.jpg 캡쳐 완료
2024-10-28 11:28:45,279 [INFO] 20241028112845.jpg 얼굴 인식됨
2024-10-28 11:28:45,282 [DEBUG] Starting new HTTP connection (1): 192.168.137.1:80
2024-10-28 11:28:45,285 [DEBUG] http://192.168.137.1:80 "POST / HTTP/11" 405 153
2024-10-28 11:28:45,393 [INFO] 20241028112845.jpg 캡쳐 완료
2024-10-28 11:28:45,427 [INFO] 20241028112845.jpg 얼굴 인식됨
2024-10-28 11:28:45,432 [DEBUG] Starting new HTTP connection (1): 192.168.137.1:80
2024-10-28 11:28:45,436 [DEBUG] http://192.168.137.1:80 "POST / HTTP/11" 405 153
2024-10-28 11:28:45,543 [INFO] 20241028112845.jpg 캡쳐 완료
2024-10-28 11:28:45,575 [INFO] 20241028112845.jpg 얼굴 인식됨
2024-10-28 11:28:45,580 [DEBUG] Starting new HTTP connection (1): 192.168.137.1:80
2024-10-28 11:28:45,582 [DEBUG] http://192.168.137.1:80 "POST / HTTP/11" 405 153
2024-10-28 11:28:45,690 [INFO] 20241028112845.jpg 캡쳐 완료
2024-10-28 11:28:45,721 [INFO] 20241028112845.jpg 얼굴 인식됨
2024-10-28 11:28:45,726 [DEBUG] Starting new HTTP connection (1): 192.168.137.1:80
2024-10-28 11:28:45,728 [DEBUG] http://192.168.137.1:80 "POST / HTTP/11" 405 153
2024-10-28 11:28:45,837 [INFO] 20241028112845.jpg 캡쳐 완료
2024-10-28 11:28:45,869 [INFO] 20241028112845.jpg 얼굴 인식됨
2024-10-28 11:28:45,873 [DEBUG] Starting new HTTP connection (1): 192.168.137.1:80
2024-10-28 11:28:45,876 [DEBUG] http://192.168.137.1:80 "POST / HTTP/11" 405 153
2024-10-28 11:28:45,983 [INFO] 20241028112845.jpg 캡쳐 완료
2024-10-28 11:28:46,014 [INFO] 20241028112845.jpg 얼굴 인식됨
2024-10-28 11:28:46,018 [DEBUG] Starting new HTTP connection (1): 192.168.137.1:80
2024-10-28 11:28:46,021 [DEBUG] http://192.168.137.1:80 "POST / HTTP/11" 405 153
2024-10-28 11:28:46,134 [INFO] 20241028112846.jpg 캡쳐 완료
2024-10-28 11:28:46,182 [INFO] 20241028112846.jpg 얼굴 인식됨
2024-10-28 11:28:46,188 [DEBUG] Starting new HTTP connection (1): 192.168.137.1:80
2024-10-28 11:28:46,192 [DEBUG] http://192.168.137.1:80 "POST / HTTP/11" 405 153
2024-10-28 11:28:46,299 [INFO] 20241028112846.jpg 캡쳐 완료
2024-10-28 11:28:46,334 [INFO] 20241028112846.jpg 얼굴 인식됨
2024-10-28 11:28:46,339 [DEBUG] Starting new HTTP connection (1): 192.168.137.1:80
2024-10-28 11:28:46,341 [DEBUG] http://192.168.137.1:80 "POST / HTTP/11" 405 153
2024-10-28 11:28:46,450 [INFO] 20241028112846.jpg 캡쳐 완료
2024-10-28 11:28:46,490 [INFO] 20241028112846.jpg 얼굴 인식됨
2024-10-28 11:28:46,495 [DEBUG] Starting new HTTP connection (1): 192.168.137.1:80
2024-10-28 11:28:46,498 [DEBUG] http://192.168.137.1:80 "POST / HTTP/11" 405 153
2024-10-28 11:28:46,604 [INFO] 20241028112846.jpg 캡쳐 완료
2024-10-28 11:28:46,637 [INFO] 20241028112846.jpg 얼굴 인식됨
2024-10-28 11:28:46,641 [DEBUG] Starting new HTTP connection (1): 192.168.137.1:80
2024-10-28 11:28:46,643 [DEBUG] http://192.168.137.1:80 "POST / HTTP/11" 405 153
2024-10-28 11:28:46,751 [INFO] 20241028112846.jpg 캡쳐 완료
2024-10-28 11:28:46,781 [INFO] 20241028112846.jpg 얼굴 인식됨
2024-10-28 11:28:46,785 [DEBUG] Starting new HTTP connection (1): 192.168.137.1:80
2024-10-28 11:28:46,788 [DEBUG] http://192.168.137.1:80 "POST / HTTP/11" 405 153
2024-10-28 11:28:46,896 [INFO] 20241028112846.jpg 캡쳐 완료
2024-10-28 11:28:46,926 [INFO] 20241028112846.jpg 얼굴 인식됨
2024-10-28 11:28:46,931 [DEBUG] Starting new HTTP connection (1): 192.168.137.1:80
2024-10-28 11:28:46,934 [DEBUG] http://192.168.137.1:80 "POST / HTTP/11" 405 153
2024-10-28 11:28:47,044 [INFO] 20241028112847.jpg 캡쳐 완료
2024-10-28 11:28:47,089 [INFO] 20241028112847.jpg 얼굴 인식됨
2024-10-28 11:28:47,097 [DEBUG] Starting new HTTP connection (1): 192.168.137.1:80
2024-10-28 11:28:47,100 [DEBUG] http://192.168.137.1:80 "POST / HTTP/11" 405 153
2024-10-28 11:28:47,209 [INFO] 20241028112847.jpg 캡쳐 완료
2024-10-28 11:28:47,244 [INFO] 20241028112847.jpg 얼굴 인식됨
2024-10-28 11:28:47,248 [DEBUG] Starting new HTTP connection (1): 192.168.137.1:80
2024-10-28 11:28:47,250 [DEBUG] http://192.168.137.1:80 "POST / HTTP/11" 405 153
2024-10-28 11:28:47,361 [INFO] 20241028112847.jpg 캡쳐 완료
2024-10-28 11:28:47,414 [INFO] 20241028112847.jpg 얼굴 인식됨
2024-10-28 11:28:47,419 [DEBUG] Starting new HTTP connection (1): 192.168.137.1:80
2024-10-28 11:28:47,422 [DEBUG] http://192.168.137.1:80 "POST / HTTP/11" 405 153
2024-10-28 11:28:47,532 [INFO] 20241028112847.jpg 캡쳐 완료
2024-10-28 11:28:47,575 [INFO] 20241028112847.jpg 얼굴 인식됨
2024-10-28 11:28:47,581 [DEBUG] Starting new HTTP connection (1): 192.168.137.1:80
2024-10-28 11:28:47,583 [DEBUG] http://192.168.137.1:80 "POST / HTTP/11" 405 153
2024-10-28 11:28:47,690 [INFO] 20241028112847.jpg 캡쳐 완료
2024-10-28 11:28:47,722 [INFO] 20241028112847.jpg 얼굴 인식됨
2024-10-28 11:28:47,727 [DEBUG] Starting new HTTP connection (1): 192.168.137.1:80
2024-10-28 11:28:47,730 [DEBUG] http://192.168.137.1:80 "POST / HTTP/11" 405 153
2024-10-28 11:28:47,839 [INFO] 20241028112847.jpg 캡쳐 완료
2024-10-28 11:28:47,868 [INFO] 20241028112847.jpg 얼굴 인식됨
2024-10-28 11:28:47,872 [DEBUG] Starting new HTTP connection (1): 192.168.137.1:80
2024-10-28 11:28:47,875 [DEBUG] http://192.168.137.1:80 "POST / HTTP/11" 405 153
2024-10-28 11:28:47,982 [INFO] 20241028112847.jpg 캡쳐 완료
2024-10-28 11:28:48,014 [INFO] 20241028112847.jpg 얼굴 인식됨
2024-10-28 11:28:48,019 [DEBUG] Starting new HTTP connection (1): 192.168.137.1:80
2024-10-28 11:28:48,021 [DEBUG] http://192.168.137.1:80 "POST / HTTP/11" 405 153
2024-10-28 11:28:48,130 [INFO] 20241028112848.jpg 캡쳐 완료
2024-10-28 11:28:48,169 [INFO] 20241028112848.jpg 얼굴 인식됨
2024-10-28 11:28:48,175 [DEBUG] Starting new HTTP connection (1): 192.168.137.1:80
2024-10-28 11:28:48,178 [DEBUG] http://192.168.137.1:80 "POST / HTTP/11" 405 153
2024-10-28 11:28:48,288 [INFO] 20241028112848.jpg 캡쳐 완료
2024-10-28 11:28:48,320 [INFO] 20241028112848.jpg 얼굴 인식됨
2024-10-28 11:28:48,325 [DEBUG] Starting new HTTP connection (1): 192.168.137.1:80
2024-10-28 11:28:48,327 [DEBUG] http://192.168.137.1:80 "POST / HTTP/11" 405 153
2024-10-28 11:28:48,434 [INFO] 20241028112848.jpg 캡쳐 완료
2024-10-28 11:28:48,464 [INFO] 20241028112848.jpg 얼굴 인식됨
2024-10-28 11:28:48,468 [DEBUG] Starting new HTTP connection (1): 192.168.137.1:80
2024-10-28 11:28:48,471 [DEBUG] http://192.168.137.1:80 "POST / HTTP/11" 405 153
2024-10-28 11:28:48,578 [INFO] 20241028112848.jpg 캡쳐 완료
2024-10-28 11:28:48,620 [INFO] 20241028112848.jpg 얼굴 인식됨
2024-10-28 11:28:48,626 [DEBUG] Starting new HTTP connection (1): 192.168.137.1:80
2024-10-28 11:28:48,630 [DEBUG] http://192.168.137.1:80 "POST / HTTP/11" 405 153
2024-10-28 11:28:48,738 [INFO] 20241028112848.jpg 캡쳐 완료
2024-10-28 11:28:48,768 [INFO] 20241028112848.jpg 얼굴 인식됨
2024-10-28 11:28:48,772 [DEBUG] Starting new HTTP connection (1): 192.168.137.1:80
2024-10-28 11:28:48,774 [DEBUG] http://192.168.137.1:80 "POST / HTTP/11" 405 153
2024-10-28 11:28:48,882 [INFO] 20241028112848.jpg 캡쳐 완료
2024-10-28 11:28:48,918 [INFO] 20241028112848.jpg 얼굴 인식됨
2024-10-28 11:28:48,924 [DEBUG] Starting new HTTP connection (1): 192.168.137.1:80
2024-10-28 11:28:48,927 [DEBUG] http://192.168.137.1:80 "POST / HTTP/11" 405 153
2024-10-28 11:28:49,035 [INFO] 20241028112849.jpg 캡쳐 완료
2024-10-28 11:28:49,066 [INFO] 20241028112849.jpg 얼굴 인식됨
2024-10-28 11:28:49,070 [DEBUG] Starting new HTTP connection (1): 192.168.137.1:80
2024-10-28 11:28:49,072 [DEBUG] http://192.168.137.1:80 "POST / HTTP/11" 405 153
