2024-11-02 16:20:16,501 [INFO] 192.168.10.243 - - [02/Nov/2024 16:20:16] "POST /system/log_init HTTP/1.1" 200 -
2024-11-02 16:20:16,891 [INFO] {
  "message": "Success", 
  "server_device_status": {
    "alarm": true, 
    "alarm_possible": true, 
    "connect_key": "f1c546d691f21be5edbd55ce68d89e5be2a995cd9590e612750efe1be50337c4333f9a06cf8428f5a7910f44699a9d7ebeb5585ec1438445c13e97b5c1a1f75f", 
    "created_at": "20241030190207", 
    "description": "\ube44\uc804\uac00\ub4dc CCTV \ubcf8\uccb4 \ud504\ub85c\ud1a0\ud0c0\uc785", 
    "disable_alarm": false, 
    "last_connection": "20241102072016", 
    "model": "VGCTVP1", 
    "name": "Vision Guard CCTV P1", 
    "owner_uuid": "8f207056a52eec879b1082c56dfc5350d7c0ed129d07ff8d29bec21502b9ff13", 
    "reboot_possible": true, 
    "serial": "a6bd8024", 
    "status": "normal", 
    "type": "cam", 
    "work_space_uuid": null
  }, 
  "status": "success"
}

2024-11-02 16:20:16,892 [INFO] ì„œë²„ë¡œ ë°ì´í„°ë¥¼ ì „ì†¡í–ˆìŠµë‹ˆë‹¤.
2024-11-02 16:20:16,894 [ERROR] ê²½ë³´ê¸°ê°€ ì´ë¯¸ ì‘ë™ ì¤‘ì…ë‹ˆë‹¤. ì‘ì—…ì´ ê±°ë¶€ë˜ì—ˆìŠµë‹ˆë‹¤.
2024-11-02 16:20:17,140 [INFO] 192.168.10.243 - - [02/Nov/2024 16:20:17] "GET /system/log HTTP/1.1" 200 -
2024-11-02 16:20:17,189 [INFO] 192.168.10.243 - - [02/Nov/2024 16:20:17] "[36mGET /static/title_icon.png HTTP/1.1[0m" 304 -
2024-11-02 16:20:18,686 [INFO] {
  "message": "Success", 
  "server_device_status": {
    "alarm": true, 
    "alarm_possible": true, 
    "connect_key": "f1c546d691f21be5edbd55ce68d89e5be2a995cd9590e612750efe1be50337c4333f9a06cf8428f5a7910f44699a9d7ebeb5585ec1438445c13e97b5c1a1f75f", 
    "created_at": "20241030190207", 
    "description": "\ube44\uc804\uac00\ub4dc CCTV \ubcf8\uccb4 \ud504\ub85c\ud1a0\ud0c0\uc785", 
    "disable_alarm": false, 
    "last_connection": "20241102072018", 
    "model": "VGCTVP1", 
    "name": "Vision Guard CCTV P1", 
    "owner_uuid": "8f207056a52eec879b1082c56dfc5350d7c0ed129d07ff8d29bec21502b9ff13", 
    "reboot_possible": true, 
    "serial": "a6bd8024", 
    "status": "normal", 
    "type": "cam", 
    "work_space_uuid": null
  }, 
  "status": "success"
}

2024-11-02 16:20:18,686 [INFO] ì„œë²„ë¡œ ë°ì´í„°ë¥¼ ì „ì†¡í–ˆìŠµë‹ˆë‹¤.
2024-11-02 16:20:18,689 [ERROR] ê²½ë³´ê¸°ê°€ ì´ë¯¸ ì‘ë™ ì¤‘ì…ë‹ˆë‹¤. ì‘ì—…ì´ ê±°ë¶€ë˜ì—ˆìŠµë‹ˆë‹¤.
2024-11-02 16:20:18,738 [CRITICAL] ì„œë²„ì™€ í†µì‹ ì„ ì‹¤íŒ¨í–ˆìŠµë‹ˆë‹¤.
2024-11-02 16:20:20,581 [INFO] {
  "message": "Success", 
  "server_device_status": {
    "alarm": true, 
    "alarm_possible": true, 
    "connect_key": "f1c546d691f21be5edbd55ce68d89e5be2a995cd9590e612750efe1be50337c4333f9a06cf8428f5a7910f44699a9d7ebeb5585ec1438445c13e97b5c1a1f75f", 
    "created_at": "20241030190207", 
    "description": "\ube44\uc804\uac00\ub4dc CCTV \ubcf8\uccb4 \ud504\ub85c\ud1a0\ud0c0\uc785", 
    "disable_alarm": false, 
    "last_connection": "20241102072020", 
    "model": "VGCTVP1", 
    "name": "Vision Guard CCTV P1", 
    "owner_uuid": "8f207056a52eec879b1082c56dfc5350d7c0ed129d07ff8d29bec21502b9ff13", 
    "reboot_possible": true, 
    "serial": "a6bd8024", 
    "status": "normal", 
    "type": "cam", 
    "work_space_uuid": null
  }, 
  "status": "success"
}

2024-11-02 16:20:20,581 [INFO] ì„œë²„ë¡œ ë°ì´í„°ë¥¼ ì „ì†¡í–ˆìŠµë‹ˆë‹¤.
2024-11-02 16:20:20,586 [ERROR] ê²½ë³´ê¸°ê°€ ì´ë¯¸ ì‘ë™ ì¤‘ì…ë‹ˆë‹¤. ì‘ì—…ì´ ê±°ë¶€ë˜ì—ˆìŠµë‹ˆë‹¤.
2024-11-02 16:20:23,835 [INFO] {
  "message": "Success", 
  "server_device_status": {
    "alarm": true, 
    "alarm_possible": true, 
    "connect_key": "f1c546d691f21be5edbd55ce68d89e5be2a995cd9590e612750efe1be50337c4333f9a06cf8428f5a7910f44699a9d7ebeb5585ec1438445c13e97b5c1a1f75f", 
    "created_at": "20241030190207", 
    "description": "\ube44\uc804\uac00\ub4dc CCTV \ubcf8\uccb4 \ud504\ub85c\ud1a0\ud0c0\uc785", 
    "disable_alarm": false, 
    "last_connection": "20241102072023", 
    "model": "VGCTVP1", 
    "name": "Vision Guard CCTV P1", 
    "owner_uuid": "8f207056a52eec879b1082c56dfc5350d7c0ed129d07ff8d29bec21502b9ff13", 
    "reboot_possible": true, 
    "serial": "a6bd8024", 
    "status": "normal", 
    "type": "cam", 
    "work_space_uuid": null
  }, 
  "status": "success"
}

2024-11-02 16:20:23,836 [INFO] ì„œë²„ë¡œ ë°ì´í„°ë¥¼ ì „ì†¡í–ˆìŠµë‹ˆë‹¤.
2024-11-02 16:20:23,838 [ERROR] ê²½ë³´ê¸°ê°€ ì´ë¯¸ ì‘ë™ ì¤‘ì…ë‹ˆë‹¤. ì‘ì—…ì´ ê±°ë¶€ë˜ì—ˆìŠµë‹ˆë‹¤.
2024-11-02 16:20:23,916 [CRITICAL] ì„œë²„ì™€ í†µì‹ ì„ ì‹¤íŒ¨í–ˆìŠµë‹ˆë‹¤.
2024-11-02 16:20:24,439 [ERROR] ì‚¬ì§„ ì •ë³´ ì–»ê¸°ì— ì‹¤íŒ¨í–ˆìŠµë‹ˆë‹¤: Command '['libcamera-jpeg', '-o', 'capture.jpg']' returned non-zero exit status 255.
2024-11-02 16:20:24,805 [INFO] ì‚¬ì§„ì„ ì´¬ì˜í–ˆìŠµë‹ˆë‹¤.
2024-11-02 16:20:30,193 [ERROR] ì„œë²„ì™€ í†µì‹  ì¤‘ ë¬¸ì œê°€ ë°œìƒí–ˆìŠµë‹ˆë‹¤. ì¬ì‹œë„ ì¤‘... (1/3): HTTPConnectionPool(host='visionguard.dyhs.kr', port=80): Read timed out. (read timeout=3)
2024-11-02 16:20:30,465 [INFO] ì‚¬ì§„ì„ ì´¬ì˜í–ˆìŠµë‹ˆë‹¤.
2024-11-02 16:20:33,301 [INFO] {
  "message": "Success", 
  "server_device_status": {
    "alarm": true, 
    "alarm_possible": true, 
    "connect_key": "f1c546d691f21be5edbd55ce68d89e5be2a995cd9590e612750efe1be50337c4333f9a06cf8428f5a7910f44699a9d7ebeb5585ec1438445c13e97b5c1a1f75f", 
    "created_at": "20241030190207", 
    "description": "\ube44\uc804\uac00\ub4dc CCTV \ubcf8\uccb4 \ud504\ub85c\ud1a0\ud0c0\uc785", 
    "disable_alarm": false, 
    "last_connection": "20241102072032", 
    "model": "VGCTVP1", 
    "name": "Vision Guard CCTV P1", 
    "owner_uuid": "8f207056a52eec879b1082c56dfc5350d7c0ed129d07ff8d29bec21502b9ff13", 
    "reboot_possible": true, 
    "serial": "a6bd8024", 
    "status": "normal", 
    "type": "cam", 
    "work_space_uuid": null
  }, 
  "status": "success"
}

2024-11-02 16:20:33,301 [INFO] ì„œë²„ë¡œ ë°ì´í„°ë¥¼ ì „ì†¡í–ˆìŠµë‹ˆë‹¤.
2024-11-02 16:20:33,302 [ERROR] ê²½ë³´ê¸°ê°€ ì´ë¯¸ ì‘ë™ ì¤‘ì…ë‹ˆë‹¤. ì‘ì—…ì´ ê±°ë¶€ë˜ì—ˆìŠµë‹ˆë‹¤.
2024-11-02 16:20:33,854 [INFO] {
  "message": "Success", 
  "server_device_status": {
    "alarm": true, 
    "alarm_possible": true, 
    "connect_key": "f1c546d691f21be5edbd55ce68d89e5be2a995cd9590e612750efe1be50337c4333f9a06cf8428f5a7910f44699a9d7ebeb5585ec1438445c13e97b5c1a1f75f", 
    "created_at": "20241030190207", 
    "description": "\ube44\uc804\uac00\ub4dc CCTV \ubcf8\uccb4 \ud504\ub85c\ud1a0\ud0c0\uc785", 
    "disable_alarm": false, 
    "last_connection": "20241102072033", 
    "model": "VGCTVP1", 
    "name": "Vision Guard CCTV P1", 
    "owner_uuid": "8f207056a52eec879b1082c56dfc5350d7c0ed129d07ff8d29bec21502b9ff13", 
    "reboot_possible": true, 
    "serial": "a6bd8024", 
    "status": "normal", 
    "type": "cam", 
    "work_space_uuid": null
  }, 
  "status": "success"
}

2024-11-02 16:20:33,854 [INFO] ì„œë²„ë¡œ ë°ì´í„°ë¥¼ ì „ì†¡í–ˆìŠµë‹ˆë‹¤.
2024-11-02 16:20:33,855 [ERROR] ê²½ë³´ê¸°ê°€ ì´ë¯¸ ì‘ë™ ì¤‘ì…ë‹ˆë‹¤. ì‘ì—…ì´ ê±°ë¶€ë˜ì—ˆìŠµë‹ˆë‹¤.
2024-11-02 16:20:36,358 [INFO] {
  "message": "Success", 
  "server_device_status": {
    "alarm": true, 
    "alarm_possible": true, 
    "connect_key": "f1c546d691f21be5edbd55ce68d89e5be2a995cd9590e612750efe1be50337c4333f9a06cf8428f5a7910f44699a9d7ebeb5585ec1438445c13e97b5c1a1f75f", 
    "created_at": "20241030190207", 
    "description": "\ube44\uc804\uac00\ub4dc CCTV \ubcf8\uccb4 \ud504\ub85c\ud1a0\ud0c0\uc785", 
    "disable_alarm": false, 
    "last_connection": "20241102072035", 
    "model": "VGCTVP1", 
    "name": "Vision Guard CCTV P1", 
    "owner_uuid": "8f207056a52eec879b1082c56dfc5350d7c0ed129d07ff8d29bec21502b9ff13", 
    "reboot_possible": true, 
    "serial": "a6bd8024", 
    "status": "normal", 
    "type": "cam", 
    "work_space_uuid": null
  }, 
  "status": "success"
}

2024-11-02 16:20:36,358 [INFO] ì„œë²„ë¡œ ë°ì´í„°ë¥¼ ì „ì†¡í–ˆìŠµë‹ˆë‹¤.
2024-11-02 16:20:36,360 [ERROR] ê²½ë³´ê¸°ê°€ ì´ë¯¸ ì‘ë™ ì¤‘ì…ë‹ˆë‹¤. ì‘ì—…ì´ ê±°ë¶€ë˜ì—ˆìŠµë‹ˆë‹¤.
2024-11-02 16:20:36,404 [CRITICAL] ì„œë²„ì™€ í†µì‹ ì„ ì‹¤íŒ¨í–ˆìŠµë‹ˆë‹¤.
2024-11-02 16:20:37,181 [INFO] {
  "message": "Success", 
  "server_device_status": {
    "alarm": true, 
    "alarm_possible": true, 
    "connect_key": "f1c546d691f21be5edbd55ce68d89e5be2a995cd9590e612750efe1be50337c4333f9a06cf8428f5a7910f44699a9d7ebeb5585ec1438445c13e97b5c1a1f75f", 
    "created_at": "20241030190207", 
    "description": "\ube44\uc804\uac00\ub4dc CCTV \ubcf8\uccb4 \ud504\ub85c\ud1a0\ud0c0\uc785", 
    "disable_alarm": false, 
    "last_connection": "20241102072036", 
    "model": "VGCTVP1", 
    "name": "Vision Guard CCTV P1", 
    "owner_uuid": "8f207056a52eec879b1082c56dfc5350d7c0ed129d07ff8d29bec21502b9ff13", 
    "reboot_possible": true, 
    "serial": "a6bd8024", 
    "status": "normal", 
    "type": "cam", 
    "work_space_uuid": null
  }, 
  "status": "success"
}

2024-11-02 16:20:37,181 [INFO] ì„œë²„ë¡œ ë°ì´í„°ë¥¼ ì „ì†¡í–ˆìŠµë‹ˆë‹¤.
2024-11-02 16:20:37,183 [ERROR] ê²½ë³´ê¸°ê°€ ì´ë¯¸ ì‘ë™ ì¤‘ì…ë‹ˆë‹¤. ì‘ì—…ì´ ê±°ë¶€ë˜ì—ˆìŠµë‹ˆë‹¤.
2024-11-02 16:20:40,434 [INFO] {
  "message": "Success", 
  "server_device_status": {
    "alarm": true, 
    "alarm_possible": true, 
    "connect_key": "f1c546d691f21be5edbd55ce68d89e5be2a995cd9590e612750efe1be50337c4333f9a06cf8428f5a7910f44699a9d7ebeb5585ec1438445c13e97b5c1a1f75f", 
    "created_at": "20241030190207", 
    "description": "\ube44\uc804\uac00\ub4dc CCTV \ubcf8\uccb4 \ud504\ub85c\ud1a0\ud0c0\uc785", 
    "disable_alarm": false, 
    "last_connection": "20241102072040", 
    "model": "VGCTVP1", 
    "name": "Vision Guard CCTV P1", 
    "owner_uuid": "8f207056a52eec879b1082c56dfc5350d7c0ed129d07ff8d29bec21502b9ff13", 
    "reboot_possible": true, 
    "serial": "a6bd8024", 
    "status": "normal", 
    "type": "cam", 
    "work_space_uuid": null
  }, 
  "status": "success"
}

2024-11-02 16:20:40,435 [INFO] ì„œë²„ë¡œ ë°ì´í„°ë¥¼ ì „ì†¡í–ˆìŠµë‹ˆë‹¤.
2024-11-02 16:20:40,437 [ERROR] ê²½ë³´ê¸°ê°€ ì´ë¯¸ ì‘ë™ ì¤‘ì…ë‹ˆë‹¤. ì‘ì—…ì´ ê±°ë¶€ë˜ì—ˆìŠµë‹ˆë‹¤.
2024-11-02 16:20:40,492 [CRITICAL] ì„œë²„ì™€ í†µì‹ ì„ ì‹¤íŒ¨í–ˆìŠµë‹ˆë‹¤.
2024-11-02 16:20:41,076 [INFO]  * Detected change in '/home/vgadmin/vision-guard/main.py', reloading
2024-11-02 16:20:41,587 [INFO]  * Restarting with stat
2024-11-02 16:20:42,706 [INFO] ì‚¬ì§„ì„ ì´¬ì˜í–ˆìŠµë‹ˆë‹¤.
2024-11-02 16:20:43,202 [WARNING]  * Debugger is active!
2024-11-02 16:20:43,204 [INFO]  * Debugger PIN: 105-440-626
2024-11-02 16:20:45,862 [INFO] {
  "message": "Success", 
  "server_device_status": {
    "alarm": true, 
    "alarm_possible": true, 
    "connect_key": "f1c546d691f21be5edbd55ce68d89e5be2a995cd9590e612750efe1be50337c4333f9a06cf8428f5a7910f44699a9d7ebeb5585ec1438445c13e97b5c1a1f75f", 
    "created_at": "20241030190207", 
    "description": "\ube44\uc804\uac00\ub4dc CCTV \ubcf8\uccb4 \ud504\ub85c\ud1a0\ud0c0\uc785", 
    "disable_alarm": false, 
    "last_connection": "20241102072045", 
    "model": "VGCTVP1", 
    "name": "Vision Guard CCTV P1", 
    "owner_uuid": "8f207056a52eec879b1082c56dfc5350d7c0ed129d07ff8d29bec21502b9ff13", 
    "reboot_possible": true, 
    "serial": "a6bd8024", 
    "status": "normal", 
    "type": "cam", 
    "work_space_uuid": null
  }, 
  "status": "success"
}

2024-11-02 16:20:45,863 [INFO] ì„œë²„ë¡œ ë°ì´í„°ë¥¼ ì „ì†¡í–ˆìŠµë‹ˆë‹¤.
2024-11-02 16:20:45,960 [INFO] ê²½ë³´ê¸°ë¥¼ ì‘ë™í–ˆìŠµë‹ˆë‹¤.
2024-11-02 16:20:49,174 [INFO] {
  "message": "Success", 
  "server_device_status": {
    "alarm": true, 
    "alarm_possible": true, 
    "connect_key": "f1c546d691f21be5edbd55ce68d89e5be2a995cd9590e612750efe1be50337c4333f9a06cf8428f5a7910f44699a9d7ebeb5585ec1438445c13e97b5c1a1f75f", 
    "created_at": "20241030190207", 
    "description": "\ube44\uc804\uac00\ub4dc CCTV \ubcf8\uccb4 \ud504\ub85c\ud1a0\ud0c0\uc785", 
    "disable_alarm": false, 
    "last_connection": "20241102072048", 
    "model": "VGCTVP1", 
    "name": "Vision Guard CCTV P1", 
    "owner_uuid": "8f207056a52eec879b1082c56dfc5350d7c0ed129d07ff8d29bec21502b9ff13", 
    "reboot_possible": true, 
    "serial": "a6bd8024", 
    "status": "normal", 
    "type": "cam", 
    "work_space_uuid": null
  }, 
  "status": "success"
}

2024-11-02 16:20:49,174 [INFO] ì„œë²„ë¡œ ë°ì´í„°ë¥¼ ì „ì†¡í–ˆìŠµë‹ˆë‹¤.
2024-11-02 16:20:49,176 [ERROR] ê²½ë³´ê¸°ê°€ ì´ë¯¸ ì‘ë™ ì¤‘ì…ë‹ˆë‹¤. ì‘ì—…ì´ ê±°ë¶€ë˜ì—ˆìŠµë‹ˆë‹¤.
2024-11-02 16:20:49,326 [INFO] ì‚¬ì§„ì„ ì´¬ì˜í–ˆìŠµë‹ˆë‹¤.
2024-11-02 16:20:52,288 [INFO]  * Detected change in '/home/vgadmin/vision-guard/main.py', reloading
2024-11-02 16:20:52,317 [INFO] {
  "message": "Success", 
  "server_device_status": {
    "alarm": true, 
    "alarm_possible": true, 
    "connect_key": "f1c546d691f21be5edbd55ce68d89e5be2a995cd9590e612750efe1be50337c4333f9a06cf8428f5a7910f44699a9d7ebeb5585ec1438445c13e97b5c1a1f75f", 
    "created_at": "20241030190207", 
    "description": "\ube44\uc804\uac00\ub4dc CCTV \ubcf8\uccb4 \ud504\ub85c\ud1a0\ud0c0\uc785", 
    "disable_alarm": false, 
    "last_connection": "20241102072051", 
    "model": "VGCTVP1", 
    "name": "Vision Guard CCTV P1", 
    "owner_uuid": "8f207056a52eec879b1082c56dfc5350d7c0ed129d07ff8d29bec21502b9ff13", 
    "reboot_possible": true, 
    "serial": "a6bd8024", 
    "status": "normal", 
    "type": "cam", 
    "work_space_uuid": null
  }, 
  "status": "success"
}

2024-11-02 16:20:52,318 [INFO] ì„œë²„ë¡œ ë°ì´í„°ë¥¼ ì „ì†¡í–ˆìŠµë‹ˆë‹¤.
2024-11-02 16:20:52,320 [ERROR] ê²½ë³´ê¸°ê°€ ì´ë¯¸ ì‘ë™ ì¤‘ì…ë‹ˆë‹¤. ì‘ì—…ì´ ê±°ë¶€ë˜ì—ˆìŠµë‹ˆë‹¤.
2024-11-02 16:20:52,374 [CRITICAL] ì„œë²„ì™€ í†µì‹ ì„ ì‹¤íŒ¨í–ˆìŠµë‹ˆë‹¤.
2024-11-02 16:20:52,550 [INFO]  * Restarting with stat
2024-11-02 16:20:53,670 [WARNING]  * Debugger is active!
2024-11-02 16:20:53,671 [INFO]  * Debugger PIN: 105-440-626
2024-11-02 16:20:53,708 [INFO] ê²½ë³´ê¸°ê°€ í•´ì œë˜ì—ˆìŠµë‹ˆë‹¤.
2024-11-02 16:20:54,084 [ERROR] ì‚¬ì§„ ì •ë³´ ì–»ê¸°ì— ì‹¤íŒ¨í–ˆìŠµë‹ˆë‹¤: Command '['libcamera-jpeg', '-o', 'capture.jpg']' returned non-zero exit status 255.
2024-11-02 16:20:54,563 [ERROR] ì‚¬ì§„ ì •ë³´ ì–»ê¸°ì— ì‹¤íŒ¨í–ˆìŠµë‹ˆë‹¤: Command '['libcamera-jpeg', '-o', 'capture.jpg']' returned non-zero exit status 255.
